#
# There is insufficient memory for the Java Runtime Environment to continue.
# Native memory allocation (malloc) failed to allocate 32784 bytes for Chunk::new
# Possible reasons:
#   The system is out of physical RAM or swap space
#   The process is running with CompressedOops enabled, and the Java Heap may be blocking the growth of the native heap
# Possible solutions:
#   Reduce memory load on the system
#   Increase physical memory or swap space
#   Check if swap backing store is full
#   Decrease Java heap size (-Xmx/-Xms)
#   Decrease number of Java threads
#   Decrease Java thread stack sizes (-Xss)
#   Set larger code cache with -XX:ReservedCodeCacheSize=
#   JVM is running with Unscaled Compressed Oops mode in which the Java heap is
#     placed in the first 4GB address space. The Java Heap base address is the
#     maximum limit for the native heap growth. Please use -XX:HeapBaseMinAddress
#     to set the Java Heap base and to place the Java Heap above 4GB virtual address.
# This output file may be truncated or incomplete.
#
#  Out of Memory Error (./src/hotspot/share/memory/arena.cpp:197), pid=14368, tid=12300
#
# JRE version: OpenJDK Runtime Environment (11.0.10) (build 11.0.10+0-b96-7249189)
# Java VM: OpenJDK 64-Bit Server VM (11.0.10+0-b96-7249189, mixed mode, tiered, compressed oops, g1 gc, windows-amd64)
# No core dump will be written. Minidumps are not enabled by default on client versions of Windows
#

---------------  S U M M A R Y ------------

Command Line: --add-opens=java.base/java.util=ALL-UNNAMED --add-opens=java.base/java.lang=ALL-UNNAMED --add-opens=java.base/java.lang.invoke=ALL-UNNAMED --add-opens=java.prefs/java.util.prefs=ALL-UNNAMED -Xmx2048m -Dfile.encoding=UTF-8 -Duser.country=US -Duser.language=en -Duser.variant org.gradle.launcher.daemon.bootstrap.GradleDaemon 6.5

Host: Intel(R) Core(TM) i7-6700T CPU @ 2.80GHz, 8 cores, 11G,  Windows 10 , 64 bit Build 19041 (10.0.19041.1566)
Time: Sat Mar 19 00:18:31 2022 Eastern Daylight Time elapsed time: 9.425244 seconds (0d 0h 0m 9s)

---------------  T H R E A D  ---------------

Current thread (0x0000024fc74e5000):  JavaThread "C2 CompilerThread2" daemon [_thread_in_native, id=12300, stack(0x000000b7a5800000,0x000000b7a5900000)]


Current CompileTask:
C2:   9425 6210       4       sun.reflect.generics.parser.SignatureParser::parseClassTypeSignature (118 bytes)

Stack: [0x000000b7a5800000,0x000000b7a5900000]
Native frames: (J=compiled Java code, j=interpreted, Vv=VM code, C=native code)
V  [jvm.dll+0x5ecfaa]
V  [jvm.dll+0x722bd5]
V  [jvm.dll+0x72412d]
V  [jvm.dll+0x7247e3]
V  [jvm.dll+0x242928]
V  [jvm.dll+0xbc4fc]
V  [jvm.dll+0xbca0c]
V  [jvm.dll+0xbc608]
V  [jvm.dll+0x5cc470]
V  [jvm.dll+0x506d82]
V  [jvm.dll+0x506347]
V  [jvm.dll+0x203253]
V  [jvm.dll+0x1fd07c]
V  [jvm.dll+0x1fa77f]
V  [jvm.dll+0x18354c]
V  [jvm.dll+0x208ee7]
V  [jvm.dll+0x207731]
V  [jvm.dll+0x6eb1cf]
V  [jvm.dll+0x6e3d45]
V  [jvm.dll+0x5ebe96]
C  [ucrtbase.dll+0x21bb2]
C  [KERNEL32.DLL+0x17034]
C  [ntdll.dll+0x52651]


---------------  P R O C E S S  ---------------

Threads class SMR info:
_java_thread_list=0x0000024fcaaa4a40, length=157, elements={
0x0000024fa729a000, 0x0000024fc1e8a800, 0x0000024fc1e8b800, 0x0000024fc26e5800,
0x0000024fc26e7800, 0x0000024fc26e8800, 0x0000024fc26ef000, 0x0000024fc26f2000,
0x0000024fc26f7000, 0x0000024fc2871800, 0x0000024fc4dad800, 0x0000024fc3dfa000,
0x0000024fc48b6000, 0x0000024fc41c2800, 0x0000024fc39da800, 0x0000024fc415a000,
0x0000024fc3c3b000, 0x0000024fc4021800, 0x0000024fc42d5800, 0x0000024fc40f4000,
0x0000024fc40f2800, 0x0000024fc40f1800, 0x0000024fc40f1000, 0x0000024fc40f3800,
0x0000024fc40f5000, 0x0000024fc40f5800, 0x0000024fc40f0000, 0x0000024fc40f6800,
0x0000024fc7465000, 0x0000024fc746b800, 0x0000024fc7465800, 0x0000024fc7468000,
0x0000024fc746c000, 0x0000024fc7469800, 0x0000024fc7466800, 0x0000024fc7470000,
0x0000024fc746e800, 0x0000024fc746e000, 0x0000024fc746a800, 0x0000024fc7471000,
0x0000024fc746f800, 0x0000024fc7472000, 0x0000024fc7472800, 0x0000024fc746d000,
0x0000024fc7473800, 0x0000024fc74b3800, 0x0000024fc74b5800, 0x0000024fc74af800,
0x0000024fc74b1800, 0x0000024fc74b2000, 0x0000024fc74b3000, 0x0000024fc74b0800,
0x0000024fc74b9800, 0x0000024fc74b8000, 0x0000024fc74b4800, 0x0000024fc74bb000,
0x0000024fc74b8800, 0x0000024fc74b7000, 0x0000024fc74bc000, 0x0000024fc74ba800,
0x0000024fc74b6000, 0x0000024fc74bc800, 0x0000024fc74bd800, 0x0000024fc74be800,
0x0000024fc6f3c800, 0x0000024fc6f3f800, 0x0000024fc6f3a800, 0x0000024fc6f3a000,
0x0000024fc6f40800, 0x0000024fc6f3d000, 0x0000024fc6f3e800, 0x0000024fc6f41000,
0x0000024fc6f3b800, 0x0000024fc6f43000, 0x0000024fc6f42000, 0x0000024fc6f43800,
0x0000024fc6f3e000, 0x0000024fc6f48800, 0x0000024fc6f45000, 0x0000024fc6f46000,
0x0000024fc6f44800, 0x0000024fc6f47000, 0x0000024fc6f47800, 0x0000024fc7d4d800,
0x0000024fc7d4e800, 0x0000024fc7d4c000, 0x0000024fc7d4f800, 0x0000024fc7d50000,
0x0000024fc7d4a800, 0x0000024fc7d4b000, 0x0000024fc7d51000, 0x0000024fc7d51800,
0x0000024fc7d4d000, 0x0000024fc7d53800, 0x0000024fc7d56000, 0x0000024fc7d54000,
0x0000024fc7d56800, 0x0000024fc7d57800, 0x0000024fc7d58000, 0x0000024fc7d52800,
0x0000024fc7d59000, 0x0000024fc7d55000, 0x0000024fc7e5a000, 0x0000024fc7e57800,
0x0000024fc7e56800, 0x0000024fc7e58000, 0x0000024fc7e55000, 0x0000024fc7e59000,
0x0000024fc7e54000, 0x0000024fc7e5a800, 0x0000024fc7e5b800, 0x0000024fc7e55800,
0x0000024fc7e5e800, 0x0000024fc7e60800, 0x0000024fc7e5c800, 0x0000024fc7e5f800,
0x0000024fc7e61000, 0x0000024fc7e5d000, 0x0000024fc7e5e000, 0x0000024fc7e62000,
0x0000024fc7e63000, 0x0000024fc7e44800, 0x0000024fc7e41000, 0x0000024fc7e40800,
0x0000024fc7e43800, 0x0000024fc7e42800, 0x0000024fc7e45000, 0x0000024fc7e42000,
0x0000024fc7e48800, 0x0000024fc7e49000, 0x0000024fc7e4a000, 0x0000024fc7e46000,
0x0000024fc7e4b000, 0x0000024fc7e4b800, 0x0000024fc7e4c800, 0x0000024fc7e47000,
0x0000024fc7e4d800, 0x0000024fc7e47800, 0x0000024fc7e4e000, 0x0000024fc7e4f000,
0x0000024fc8054800, 0x0000024fc8051000, 0x0000024fc8052000, 0x0000024fc8053000,
0x0000024fc8053800, 0x0000024fc8055800, 0x0000024fc804f800, 0x0000024fc8050800,
0x0000024fc805b000, 0x0000024fc8058800, 0x0000024fc8057000, 0x0000024fc8057800,
0x0000024fc8059800, 0x0000024fc510b000, 0x0000024fc74e5000, 0x0000024fc8056000,
0x0000024fc805a000
}

Java Threads: ( => current thread )
  0x0000024fa729a000 JavaThread "main" [_thread_blocked, id=17984, stack(0x000000b7a2f00000,0x000000b7a3000000)]
  0x0000024fc1e8a800 JavaThread "Reference Handler" daemon [_thread_blocked, id=12944, stack(0x000000b7a3600000,0x000000b7a3700000)]
  0x0000024fc1e8b800 JavaThread "Finalizer" daemon [_thread_blocked, id=5356, stack(0x000000b7a3700000,0x000000b7a3800000)]
  0x0000024fc26e5800 JavaThread "Signal Dispatcher" daemon [_thread_blocked, id=6264, stack(0x000000b7a3800000,0x000000b7a3900000)]
  0x0000024fc26e7800 JavaThread "Attach Listener" daemon [_thread_blocked, id=980, stack(0x000000b7a3900000,0x000000b7a3a00000)]
  0x0000024fc26e8800 JavaThread "Service Thread" daemon [_thread_blocked, id=15540, stack(0x000000b7a3a00000,0x000000b7a3b00000)]
  0x0000024fc26ef000 JavaThread "C2 CompilerThread0" daemon [_thread_in_native, id=15888, stack(0x000000b7a3b00000,0x000000b7a3c00000)]
  0x0000024fc26f2000 JavaThread "C1 CompilerThread0" daemon [_thread_blocked, id=7664, stack(0x000000b7a3c00000,0x000000b7a3d00000)]
  0x0000024fc26f7000 JavaThread "Sweeper thread" daemon [_thread_blocked, id=10284, stack(0x000000b7a3d00000,0x000000b7a3e00000)]
  0x0000024fc2871800 JavaThread "Common-Cleaner" daemon [_thread_blocked, id=10836, stack(0x000000b7a3e00000,0x000000b7a3f00000)]
  0x0000024fc4dad800 JavaThread "Daemon health stats" [_thread_blocked, id=16576, stack(0x000000b7a4500000,0x000000b7a4600000)]
  0x0000024fc3dfa000 JavaThread "Incoming local TCP Connector on port 58881" [_thread_in_native, id=9400, stack(0x000000b7a4600000,0x000000b7a4700000)]
  0x0000024fc48b6000 JavaThread "Daemon periodic checks" [_thread_blocked, id=16372, stack(0x000000b7a4700000,0x000000b7a4800000)]
  0x0000024fc41c2800 JavaThread "Daemon" [_thread_blocked, id=1612, stack(0x000000b7a4800000,0x000000b7a4900000)]
  0x0000024fc39da800 JavaThread "Handler for socket connection from /127.0.0.1:58881 to /127.0.0.1:58882" [_thread_in_native, id=14968, stack(0x000000b7a4900000,0x000000b7a4a00000)]
  0x0000024fc415a000 JavaThread "Cancel handler" [_thread_blocked, id=10940, stack(0x000000b7a4a00000,0x000000b7a4b00000)]
  0x0000024fc3c3b000 JavaThread "Daemon worker" [_thread_in_vm, id=8744, stack(0x000000b7a4b00000,0x000000b7a4c00000)]
  0x0000024fc4021800 JavaThread "Asynchronous log dispatcher for DefaultDaemonConnection: socket connection from /127.0.0.1:58881 to /127.0.0.1:58882" [_thread_blocked, id=8604, stack(0x000000b7a4c00000,0x000000b7a4d00000)]
  0x0000024fc42d5800 JavaThread "Stdin handler" [_thread_blocked, id=12968, stack(0x000000b7a4d00000,0x000000b7a4e00000)]
  0x0000024fc40f4000 JavaThread "Thread-8" [_thread_blocked, id=7836, stack(0x000000b7a4e00000,0x000000b7a4f00000)]
  0x0000024fc40f2800 JavaThread "Cache worker for journal cache (C:\Users\docbr\.gradle\caches\journal-1)" [_thread_blocked, id=17660, stack(0x000000b7a5000000,0x000000b7a5100000)]
  0x0000024fc40f1800 JavaThread "File lock request listener" [_thread_in_native, id=17244, stack(0x000000b7a5100000,0x000000b7a5200000)]
  0x0000024fc40f1000 JavaThread "Cache worker for file hash cache (C:\Users\docbr\.gradle\caches\6.5\fileHashes)" [_thread_blocked, id=13908, stack(0x000000b7a5200000,0x000000b7a5300000)]
  0x0000024fc40f3800 JavaThread "Cache worker for file hash cache (D:\Online Classes\Codepath - Android App Development\projects\TwitterClone\.gradle\6.5\fileHashes)" [_thread_blocked, id=5720, stack(0x000000b7a5900000,0x000000b7a5a00000)]
  0x0000024fc40f5000 JavaThread "Cache worker for checksums cache (D:\Online Classes\Codepath - Android App Development\projects\TwitterClone\.gradle\checksums)" [_thread_blocked, id=11940, stack(0x000000b7a5a00000,0x000000b7a5b00000)]
  0x0000024fc40f5800 JavaThread "Cache worker for cache directory md-supplier (C:\Users\docbr\.gradle\caches\6.5\md-supplier)" [_thread_blocked, id=10932, stack(0x000000b7a5b00000,0x000000b7a5c00000)]
  0x0000024fc40f0000 JavaThread "Cache worker for cache directory md-rule (C:\Users\docbr\.gradle\caches\6.5\md-rule)" [_thread_blocked, id=16832, stack(0x000000b7a5c00000,0x000000b7a5d00000)]
  0x0000024fc40f6800 JavaThread "Cache worker for execution history cache (C:\Users\docbr\.gradle\caches\6.5\executionHistory)" [_thread_blocked, id=13868, stack(0x000000b7a5d00000,0x000000b7a5e00000)]
  0x0000024fc7465000 JavaThread "jar transforms" [_thread_blocked, id=14708, stack(0x000000b7a5e00000,0x000000b7a5f00000)]
  0x0000024fc746b800 JavaThread "Cache worker for file content cache (C:\Users\docbr\.gradle\caches\6.5\fileContent)" [_thread_blocked, id=11112, stack(0x000000b7a5f00000,0x000000b7a6000000)]
  0x0000024fc7465800 JavaThread "Build operations" [_thread_blocked, id=15612, stack(0x000000b7a6000000,0x000000b7a6100000)]
  0x0000024fc7468000 JavaThread "Build operations Thread 2" [_thread_blocked, id=15632, stack(0x000000b7a6100000,0x000000b7a6200000)]
  0x0000024fc746c000 JavaThread "Build operations Thread 3" [_thread_blocked, id=18260, stack(0x000000b7a6200000,0x000000b7a6300000)]
  0x0000024fc7469800 JavaThread "Build operations Thread 4" [_thread_blocked, id=2040, stack(0x000000b7a6300000,0x000000b7a6400000)]
  0x0000024fc7466800 JavaThread "Build operations Thread 5" [_thread_blocked, id=16692, stack(0x000000b7a6400000,0x000000b7a6500000)]
  0x0000024fc7470000 JavaThread "Build operations Thread 6" [_thread_blocked, id=13436, stack(0x000000b7a6500000,0x000000b7a6600000)]
  0x0000024fc746e800 JavaThread "Build operations Thread 7" [_thread_blocked, id=14460, stack(0x000000b7a6600000,0x000000b7a6700000)]
  0x0000024fc746e000 JavaThread "Build operations Thread 8" [_thread_blocked, id=16920, stack(0x000000b7a6700000,0x000000b7a6800000)]
  0x0000024fc746a800 JavaThread "jar transforms Thread 2" [_thread_blocked, id=4220, stack(0x000000b7a6800000,0x000000b7a6900000)]
  0x0000024fc7471000 JavaThread "jar transforms Thread 3" [_thread_blocked, id=18364, stack(0x000000b7a6900000,0x000000b7a6a00000)]
  0x0000024fc746f800 JavaThread "jar transforms Thread 4" [_thread_blocked, id=1404, stack(0x000000b7a6a00000,0x000000b7a6b00000)]
  0x0000024fc7472000 JavaThread "jar transforms Thread 5" [_thread_blocked, id=16316, stack(0x000000b7a6b00000,0x000000b7a6c00000)]
  0x0000024fc7472800 JavaThread "jar transforms Thread 6" [_thread_blocked, id=18380, stack(0x000000b7a6c00000,0x000000b7a6d00000)]
  0x0000024fc746d000 JavaThread "jar transforms Thread 7" [_thread_blocked, id=1904, stack(0x000000b7a6d00000,0x000000b7a6e00000)]
  0x0000024fc7473800 JavaThread "jar transforms Thread 8" [_thread_blocked, id=17548, stack(0x000000b7a6e00000,0x000000b7a6f00000)]
  0x0000024fc74b3800 JavaThread "jar transforms Thread 9" [_thread_blocked, id=17540, stack(0x000000b7a6f00000,0x000000b7a7000000)]
  0x0000024fc74b5800 JavaThread "jar transforms Thread 10" [_thread_blocked, id=11540, stack(0x000000b7a7000000,0x000000b7a7100000)]
  0x0000024fc74af800 JavaThread "jar transforms Thread 11" [_thread_blocked, id=17516, stack(0x000000b7a7100000,0x000000b7a7200000)]
  0x0000024fc74b1800 JavaThread "jar transforms Thread 12" [_thread_blocked, id=17536, stack(0x000000b7a7200000,0x000000b7a7300000)]
  0x0000024fc74b2000 JavaThread "jar transforms Thread 13" [_thread_blocked, id=17520, stack(0x000000b7a7300000,0x000000b7a7400000)]
  0x0000024fc74b3000 JavaThread "jar transforms Thread 14" [_thread_blocked, id=17464, stack(0x000000b7a7400000,0x000000b7a7500000)]
  0x0000024fc74b0800 JavaThread "jar transforms Thread 15" [_thread_blocked, id=17504, stack(0x000000b7a7500000,0x000000b7a7600000)]
  0x0000024fc74b9800 JavaThread "jar transforms Thread 16" [_thread_blocked, id=17528, stack(0x000000b7a7600000,0x000000b7a7700000)]
  0x0000024fc74b8000 JavaThread "jar transforms Thread 17" [_thread_blocked, id=17460, stack(0x000000b7a7700000,0x000000b7a7800000)]
  0x0000024fc74b4800 JavaThread "jar transforms Thread 18" [_thread_blocked, id=17480, stack(0x000000b7a7800000,0x000000b7a7900000)]
  0x0000024fc74bb000 JavaThread "jar transforms Thread 19" [_thread_blocked, id=16948, stack(0x000000b7a7900000,0x000000b7a7a00000)]
  0x0000024fc74b8800 JavaThread "jar transforms Thread 20" [_thread_blocked, id=8816, stack(0x000000b7a7a00000,0x000000b7a7b00000)]
  0x0000024fc74b7000 JavaThread "jar transforms Thread 21" [_thread_blocked, id=17132, stack(0x000000b7a7b00000,0x000000b7a7c00000)]
  0x0000024fc74bc000 JavaThread "jar transforms Thread 22" [_thread_blocked, id=16240, stack(0x000000b7a7c00000,0x000000b7a7d00000)]
  0x0000024fc74ba800 JavaThread "jar transforms Thread 23" [_thread_blocked, id=17644, stack(0x000000b7a7d00000,0x000000b7a7e00000)]
  0x0000024fc74b6000 JavaThread "jar transforms Thread 24" [_thread_blocked, id=17392, stack(0x000000b7a7e00000,0x000000b7a7f00000)]
  0x0000024fc74bc800 JavaThread "jar transforms Thread 25" [_thread_blocked, id=5136, stack(0x000000b7a7f00000,0x000000b7a8000000)]
  0x0000024fc74bd800 JavaThread "jar transforms Thread 26" [_thread_blocked, id=2448, stack(0x000000b7a8000000,0x000000b7a8100000)]
  0x0000024fc74be800 JavaThread "jar transforms Thread 27" [_thread_blocked, id=15740, stack(0x000000b7a8100000,0x000000b7a8200000)]
  0x0000024fc6f3c800 JavaThread "jar transforms Thread 28" [_thread_blocked, id=9152, stack(0x000000b7a8200000,0x000000b7a8300000)]
  0x0000024fc6f3f800 JavaThread "jar transforms Thread 29" [_thread_blocked, id=11248, stack(0x000000b7a8300000,0x000000b7a8400000)]
  0x0000024fc6f3a800 JavaThread "jar transforms Thread 30" [_thread_blocked, id=15068, stack(0x000000b7a8400000,0x000000b7a8500000)]
  0x0000024fc6f3a000 JavaThread "jar transforms Thread 31" [_thread_blocked, id=17676, stack(0x000000b7a8500000,0x000000b7a8600000)]
  0x0000024fc6f40800 JavaThread "jar transforms Thread 32" [_thread_blocked, id=10336, stack(0x000000b7a8600000,0x000000b7a8700000)]
  0x0000024fc6f3d000 JavaThread "jar transforms Thread 33" [_thread_blocked, id=17664, stack(0x000000b7a8700000,0x000000b7a8800000)]
  0x0000024fc6f3e800 JavaThread "jar transforms Thread 34" [_thread_blocked, id=17656, stack(0x000000b7a8800000,0x000000b7a8900000)]
  0x0000024fc6f41000 JavaThread "jar transforms Thread 35" [_thread_blocked, id=17652, stack(0x000000b7a8900000,0x000000b7a8a00000)]
  0x0000024fc6f3b800 JavaThread "jar transforms Thread 36" [_thread_blocked, id=17672, stack(0x000000b7a8a00000,0x000000b7a8b00000)]
  0x0000024fc6f43000 JavaThread "jar transforms Thread 37" [_thread_blocked, id=6824, stack(0x000000b7a8b00000,0x000000b7a8c00000)]
  0x0000024fc6f42000 JavaThread "jar transforms Thread 38" [_thread_blocked, id=17680, stack(0x000000b7a8c00000,0x000000b7a8d00000)]
  0x0000024fc6f43800 JavaThread "jar transforms Thread 39" [_thread_blocked, id=15180, stack(0x000000b7a8d00000,0x000000b7a8e00000)]
  0x0000024fc6f3e000 JavaThread "jar transforms Thread 40" [_thread_blocked, id=6176, stack(0x000000b7a8e00000,0x000000b7a8f00000)]
  0x0000024fc6f48800 JavaThread "jar transforms Thread 41" [_thread_blocked, id=16524, stack(0x000000b7a8f00000,0x000000b7a9000000)]
  0x0000024fc6f45000 JavaThread "jar transforms Thread 42" [_thread_blocked, id=14884, stack(0x000000b7a9000000,0x000000b7a9100000)]
  0x0000024fc6f46000 JavaThread "jar transforms Thread 43" [_thread_blocked, id=17252, stack(0x000000b7a9100000,0x000000b7a9200000)]
  0x0000024fc6f44800 JavaThread "jar transforms Thread 44" [_thread_blocked, id=17032, stack(0x000000b7a9200000,0x000000b7a9300000)]
  0x0000024fc6f47000 JavaThread "jar transforms Thread 45" [_thread_blocked, id=17668, stack(0x000000b7a9300000,0x000000b7a9400000)]
  0x0000024fc6f47800 JavaThread "jar transforms Thread 46" [_thread_blocked, id=17648, stack(0x000000b7a9400000,0x000000b7a9500000)]
  0x0000024fc7d4d800 JavaThread "jar transforms Thread 47" [_thread_blocked, id=7596, stack(0x000000b7a9500000,0x000000b7a9600000)]
  0x0000024fc7d4e800 JavaThread "jar transforms Thread 48" [_thread_blocked, id=15132, stack(0x000000b7a9600000,0x000000b7a9700000)]
  0x0000024fc7d4c000 JavaThread "jar transforms Thread 49" [_thread_blocked, id=16596, stack(0x000000b7a9700000,0x000000b7a9800000)]
  0x0000024fc7d4f800 JavaThread "jar transforms Thread 50" [_thread_blocked, id=18208, stack(0x000000b7a9800000,0x000000b7a9900000)]
  0x0000024fc7d50000 JavaThread "jar transforms Thread 51" [_thread_blocked, id=15964, stack(0x000000b7a9900000,0x000000b7a9a00000)]
  0x0000024fc7d4a800 JavaThread "jar transforms Thread 52" [_thread_blocked, id=8028, stack(0x000000b7a9a00000,0x000000b7a9b00000)]
  0x0000024fc7d4b000 JavaThread "jar transforms Thread 53" [_thread_blocked, id=7432, stack(0x000000b7a9b00000,0x000000b7a9c00000)]
  0x0000024fc7d51000 JavaThread "jar transforms Thread 54" [_thread_blocked, id=11072, stack(0x000000b7a9c00000,0x000000b7a9d00000)]
  0x0000024fc7d51800 JavaThread "jar transforms Thread 55" [_thread_blocked, id=15636, stack(0x000000b7a9d00000,0x000000b7a9e00000)]
  0x0000024fc7d4d000 JavaThread "jar transforms Thread 56" [_thread_blocked, id=7472, stack(0x000000b7a9e00000,0x000000b7a9f00000)]
  0x0000024fc7d53800 JavaThread "jar transforms Thread 57" [_thread_blocked, id=3208, stack(0x000000b7a9f00000,0x000000b7aa000000)]
  0x0000024fc7d56000 JavaThread "jar transforms Thread 58" [_thread_blocked, id=10868, stack(0x000000b7aa000000,0x000000b7aa100000)]
  0x0000024fc7d54000 JavaThread "jar transforms Thread 59" [_thread_blocked, id=16428, stack(0x000000b7aa100000,0x000000b7aa200000)]
  0x0000024fc7d56800 JavaThread "jar transforms Thread 60" [_thread_blocked, id=5112, stack(0x000000b7aa200000,0x000000b7aa300000)]
  0x0000024fc7d57800 JavaThread "jar transforms Thread 61" [_thread_blocked, id=15840, stack(0x000000b7aa300000,0x000000b7aa400000)]
  0x0000024fc7d58000 JavaThread "jar transforms Thread 62" [_thread_blocked, id=7544, stack(0x000000b7aa400000,0x000000b7aa500000)]
  0x0000024fc7d52800 JavaThread "jar transforms Thread 63" [_thread_blocked, id=16664, stack(0x000000b7aa500000,0x000000b7aa600000)]
  0x0000024fc7d59000 JavaThread "jar transforms Thread 64" [_thread_blocked, id=3688, stack(0x000000b7aa600000,0x000000b7aa700000)]
  0x0000024fc7d55000 JavaThread "jar transforms Thread 65" [_thread_blocked, id=15140, stack(0x000000b7aa700000,0x000000b7aa800000)]
  0x0000024fc7e5a000 JavaThread "jar transforms Thread 66" [_thread_blocked, id=16956, stack(0x000000b7aa800000,0x000000b7aa900000)]
  0x0000024fc7e57800 JavaThread "jar transforms Thread 67" [_thread_blocked, id=4176, stack(0x000000b7aa900000,0x000000b7aaa00000)]
  0x0000024fc7e56800 JavaThread "jar transforms Thread 68" [_thread_blocked, id=17640, stack(0x000000b7aaa00000,0x000000b7aab00000)]
  0x0000024fc7e58000 JavaThread "jar transforms Thread 69" [_thread_blocked, id=3240, stack(0x000000b7aab00000,0x000000b7aac00000)]
  0x0000024fc7e55000 JavaThread "jar transforms Thread 70" [_thread_blocked, id=14652, stack(0x000000b7aac00000,0x000000b7aad00000)]
  0x0000024fc7e59000 JavaThread "jar transforms Thread 71" [_thread_blocked, id=1856, stack(0x000000b7aad00000,0x000000b7aae00000)]
  0x0000024fc7e54000 JavaThread "jar transforms Thread 72" [_thread_blocked, id=1084, stack(0x000000b7aae00000,0x000000b7aaf00000)]
  0x0000024fc7e5a800 JavaThread "jar transforms Thread 73" [_thread_blocked, id=5784, stack(0x000000b7aaf00000,0x000000b7ab000000)]
  0x0000024fc7e5b800 JavaThread "jar transforms Thread 74" [_thread_blocked, id=4864, stack(0x000000b7ab000000,0x000000b7ab100000)]
  0x0000024fc7e55800 JavaThread "jar transforms Thread 75" [_thread_blocked, id=9448, stack(0x000000b7ab100000,0x000000b7ab200000)]
  0x0000024fc7e5e800 JavaThread "jar transforms Thread 76" [_thread_blocked, id=12324, stack(0x000000b7ab200000,0x000000b7ab300000)]
  0x0000024fc7e60800 JavaThread "jar transforms Thread 77" [_thread_blocked, id=1744, stack(0x000000b7ab300000,0x000000b7ab400000)]
  0x0000024fc7e5c800 JavaThread "jar transforms Thread 78" [_thread_blocked, id=15860, stack(0x000000b7ab400000,0x000000b7ab500000)]
  0x0000024fc7e5f800 JavaThread "jar transforms Thread 79" [_thread_blocked, id=13020, stack(0x000000b7ab500000,0x000000b7ab600000)]
  0x0000024fc7e61000 JavaThread "jar transforms Thread 80" [_thread_blocked, id=1936, stack(0x000000b7ab600000,0x000000b7ab700000)]
  0x0000024fc7e5d000 JavaThread "jar transforms Thread 81" [_thread_blocked, id=15904, stack(0x000000b7ab700000,0x000000b7ab800000)]
  0x0000024fc7e5e000 JavaThread "jar transforms Thread 82" [_thread_blocked, id=8644, stack(0x000000b7ab800000,0x000000b7ab900000)]
  0x0000024fc7e62000 JavaThread "jar transforms Thread 83" [_thread_blocked, id=6104, stack(0x000000b7ab900000,0x000000b7aba00000)]
  0x0000024fc7e63000 JavaThread "jar transforms Thread 84" [_thread_blocked, id=15844, stack(0x000000b7aba00000,0x000000b7abb00000)]
  0x0000024fc7e44800 JavaThread "jar transforms Thread 85" [_thread_blocked, id=4652, stack(0x000000b7abb00000,0x000000b7abc00000)]
  0x0000024fc7e41000 JavaThread "jar transforms Thread 86" [_thread_blocked, id=16288, stack(0x000000b7abc00000,0x000000b7abd00000)]
  0x0000024fc7e40800 JavaThread "jar transforms Thread 87" [_thread_blocked, id=12184, stack(0x000000b7abd00000,0x000000b7abe00000)]
  0x0000024fc7e43800 JavaThread "jar transforms Thread 88" [_thread_blocked, id=17192, stack(0x000000b7abe00000,0x000000b7abf00000)]
  0x0000024fc7e42800 JavaThread "jar transforms Thread 89" [_thread_blocked, id=12904, stack(0x000000b7abf00000,0x000000b7ac000000)]
  0x0000024fc7e45000 JavaThread "jar transforms Thread 90" [_thread_blocked, id=3624, stack(0x000000b7ac000000,0x000000b7ac100000)]
  0x0000024fc7e42000 JavaThread "jar transforms Thread 91" [_thread_blocked, id=7456, stack(0x000000b7ac100000,0x000000b7ac200000)]
  0x0000024fc7e48800 JavaThread "jar transforms Thread 92" [_thread_blocked, id=10896, stack(0x000000b7ac200000,0x000000b7ac300000)]
  0x0000024fc7e49000 JavaThread "jar transforms Thread 93" [_thread_blocked, id=15040, stack(0x000000b7ac300000,0x000000b7ac400000)]
  0x0000024fc7e4a000 JavaThread "jar transforms Thread 94" [_thread_blocked, id=16636, stack(0x000000b7ac400000,0x000000b7ac500000)]
  0x0000024fc7e46000 JavaThread "jar transforms Thread 95" [_thread_blocked, id=6492, stack(0x000000b7ac500000,0x000000b7ac600000)]
  0x0000024fc7e4b000 JavaThread "jar transforms Thread 96" [_thread_blocked, id=7796, stack(0x000000b7ac600000,0x000000b7ac700000)]
  0x0000024fc7e4b800 JavaThread "jar transforms Thread 97" [_thread_blocked, id=7864, stack(0x000000b7ac700000,0x000000b7ac800000)]
  0x0000024fc7e4c800 JavaThread "jar transforms Thread 98" [_thread_blocked, id=15044, stack(0x000000b7ac800000,0x000000b7ac900000)]
  0x0000024fc7e47000 JavaThread "jar transforms Thread 99" [_thread_blocked, id=1244, stack(0x000000b7ac900000,0x000000b7aca00000)]
  0x0000024fc7e4d800 JavaThread "jar transforms Thread 100" [_thread_blocked, id=11760, stack(0x000000b7aca00000,0x000000b7acb00000)]
  0x0000024fc7e47800 JavaThread "jar transforms Thread 101" [_thread_blocked, id=1272, stack(0x000000b7acb00000,0x000000b7acc00000)]
  0x0000024fc7e4e000 JavaThread "jar transforms Thread 102" [_thread_blocked, id=14876, stack(0x000000b7acc00000,0x000000b7acd00000)]
  0x0000024fc7e4f000 JavaThread "jar transforms Thread 103" [_thread_blocked, id=5168, stack(0x000000b7acd00000,0x000000b7ace00000)]
  0x0000024fc8054800 JavaThread "jar transforms Thread 104" [_thread_blocked, id=15796, stack(0x000000b7ace00000,0x000000b7acf00000)]
  0x0000024fc8051000 JavaThread "jar transforms Thread 105" [_thread_blocked, id=15592, stack(0x000000b7acf00000,0x000000b7ad000000)]
  0x0000024fc8052000 JavaThread "jar transforms Thread 106" [_thread_blocked, id=4640, stack(0x000000b7ad000000,0x000000b7ad100000)]
  0x0000024fc8053000 JavaThread "jar transforms Thread 107" [_thread_blocked, id=6468, stack(0x000000b7ad100000,0x000000b7ad200000)]
  0x0000024fc8053800 JavaThread "jar transforms Thread 108" [_thread_blocked, id=7184, stack(0x000000b7ad200000,0x000000b7ad300000)]
  0x0000024fc8055800 JavaThread "jar transforms Thread 109" [_thread_blocked, id=1312, stack(0x000000b7ad300000,0x000000b7ad400000)]
  0x0000024fc804f800 JavaThread "jar transforms Thread 110" [_thread_blocked, id=4752, stack(0x000000b7ad400000,0x000000b7ad500000)]
  0x0000024fc8050800 JavaThread "jar transforms Thread 111" [_thread_blocked, id=2540, stack(0x000000b7ad500000,0x000000b7ad600000)]
  0x0000024fc805b000 JavaThread "jar transforms Thread 112" [_thread_blocked, id=10876, stack(0x000000b7ad600000,0x000000b7ad700000)]
  0x0000024fc8058800 JavaThread "jar transforms Thread 113" [_thread_blocked, id=17608, stack(0x000000b7ad700000,0x000000b7ad800000)]
  0x0000024fc8057000 JavaThread "jar transforms Thread 114" [_thread_blocked, id=9100, stack(0x000000b7ad800000,0x000000b7ad900000)]
  0x0000024fc8057800 JavaThread "jar transforms Thread 115" [_thread_blocked, id=16828, stack(0x000000b7ad900000,0x000000b7ada00000)]
  0x0000024fc8059800 JavaThread "Cache worker for Build Output Cleanup Cache (D:\Online Classes\Codepath - Android App Development\projects\TwitterClone\.gradle\buildOutputCleanup)" [_thread_blocked, id=8400, stack(0x000000b7ada00000,0x000000b7adb00000)]
  0x0000024fc510b000 JavaThread "C2 CompilerThread1" daemon [_thread_blocked, id=6672, stack(0x000000b7a4f00000,0x000000b7a5000000)]
=>0x0000024fc74e5000 JavaThread "C2 CompilerThread2" daemon [_thread_in_native, id=12300, stack(0x000000b7a5800000,0x000000b7a5900000)]
  0x0000024fc8056000 JavaThread "Memory manager" [_thread_blocked, id=15648, stack(0x000000b7add00000,0x000000b7ade00000)]
  0x0000024fc805a000 JavaThread "Cache worker for file content cache (D:\Online Classes\Codepath - Android App Development\projects\TwitterClone\.gradle\6.5\fileContent)" [_thread_blocked, id=15548, stack(0x000000b7ade00000,0x000000b7adf00000)]

Other Threads:
  0x0000024fc1e86800 VMThread "VM Thread" [stack: 0x000000b7a3500000,0x000000b7a3600000] [id=12200]
  0x0000024fc287f800 WatcherThread [stack: 0x000000b7a3f00000,0x000000b7a4000000] [id=13160]
  0x0000024fa72b2800 GCTaskThread "GC Thread#0" [stack: 0x000000b7a3000000,0x000000b7a3100000] [id=18156]
  0x0000024fc328e000 GCTaskThread "GC Thread#1" [stack: 0x000000b7a4100000,0x000000b7a4200000] [id=18180]
  0x0000024fc33bf800 GCTaskThread "GC Thread#2" [stack: 0x000000b7a4200000,0x000000b7a4300000] [id=17940]
  0x0000024fc33c0000 GCTaskThread "GC Thread#3" [stack: 0x000000b7a4300000,0x000000b7a4400000] [id=17092]
  0x0000024fc4c75000 GCTaskThread "GC Thread#4" [stack: 0x000000b7a5300000,0x000000b7a5400000] [id=17788]
  0x0000024fc4fc7800 GCTaskThread "GC Thread#5" [stack: 0x000000b7a5400000,0x000000b7a5500000] [id=17780]
  0x0000024fc4fc8000 GCTaskThread "GC Thread#6" [stack: 0x000000b7a5500000,0x000000b7a5600000] [id=17784]
  0x0000024fc45e7800 GCTaskThread "GC Thread#7" [stack: 0x000000b7a5600000,0x000000b7a5700000] [id=16268]
  0x0000024fa72e2800 ConcurrentGCThread "G1 Main Marker" [stack: 0x000000b7a3100000,0x000000b7a3200000] [id=18196]
  0x0000024fa72e5000 ConcurrentGCThread "G1 Conc#0" [stack: 0x000000b7a3200000,0x000000b7a3300000] [id=18200]
  0x0000024fc32da800 ConcurrentGCThread "G1 Conc#1" [stack: 0x000000b7a5700000,0x000000b7a5800000] [id=8328]
  0x0000024fc1cd4800 ConcurrentGCThread "G1 Refine#0" [stack: 0x000000b7a3300000,0x000000b7a3400000] [id=4556]
  0x0000024fc4c0a800 ConcurrentGCThread "G1 Refine#1" [stack: 0x000000b7adb00000,0x000000b7adc00000] [id=14852]
  0x0000024fc4c0c000 ConcurrentGCThread "G1 Refine#2" [stack: 0x000000b7adc00000,0x000000b7add00000] [id=9608]
  0x0000024fa737e800 ConcurrentGCThread "G1 Young RemSet Sampling" [stack: 0x000000b7a3400000,0x000000b7a3500000] [id=17360]

Threads with active compile tasks:
C2 CompilerThread0   9551 6175 %     4       org.gradle.internal.instantiation.generator.AbstractClassGenerator::inspectType @ 77 (560 bytes)
C2 CompilerThread2   9551 6210       4       sun.reflect.generics.parser.SignatureParser::parseClassTypeSignature (118 bytes)

VM state:not at safepoint (normal execution)

VM Mutex/Monitor currently owned by a thread: None

Heap address: 0x0000000080000000, size: 2048 MB, Compressed Oops mode: 32-bit
Narrow klass base: 0x0000000000000000, Narrow klass shift: 3
Compressed class space size: 1073741824 Address: 0x0000000100000000

Heap:
 garbage-first heap   total 194560K, used 119604K [0x0000000080000000, 0x0000000100000000)
  region size 1024K, 74 young (75776K), 9 survivors (9216K)
 Metaspace       used 72236K, capacity 73901K, committed 73984K, reserved 1114112K
  class space    used 9365K, capacity 9974K, committed 9984K, reserved 1048576K
Heap Regions: E=young(eden), S=young(survivor), O=old, HS=humongous(starts), HC=humongous(continues), CS=collection set, F=free, A=archive, TAMS=top-at-mark-start (previous, next)
|   0|0x0000000080000000, 0x0000000080100000, 0x0000000080100000|100%| O|  |TAMS 0x0000000080100000, 0x0000000080000000| Untracked 
|   1|0x0000000080100000, 0x0000000080200000, 0x0000000080200000|100%| O|  |TAMS 0x0000000080200000, 0x0000000080100000| Untracked 
|   2|0x0000000080200000, 0x0000000080300000, 0x0000000080300000|100%| O|  |TAMS 0x0000000080300000, 0x0000000080200000| Untracked 
|   3|0x0000000080300000, 0x0000000080400000, 0x0000000080400000|100%|HS|  |TAMS 0x0000000080400000, 0x0000000080300000| Complete 
|   4|0x0000000080400000, 0x0000000080500000, 0x0000000080500000|100%|HC|  |TAMS 0x0000000080500000, 0x0000000080400000| Complete 
|   5|0x0000000080500000, 0x0000000080600000, 0x0000000080600000|100%|HC|  |TAMS 0x0000000080600000, 0x0000000080500000| Complete 
|   6|0x0000000080600000, 0x0000000080700000, 0x0000000080700000|100%| O|  |TAMS 0x0000000080700000, 0x0000000080600000| Untracked 
|   7|0x0000000080700000, 0x0000000080800000, 0x0000000080800000|100%| O|  |TAMS 0x0000000080800000, 0x0000000080700000| Untracked 
|   8|0x0000000080800000, 0x0000000080900000, 0x0000000080900000|100%| O|  |TAMS 0x0000000080900000, 0x0000000080800000| Untracked 
|   9|0x0000000080900000, 0x0000000080a00000, 0x0000000080a00000|100%| O|  |TAMS 0x0000000080a00000, 0x0000000080900000| Untracked 
|  10|0x0000000080a00000, 0x0000000080b00000, 0x0000000080b00000|100%| O|  |TAMS 0x0000000080b00000, 0x0000000080a00000| Untracked 
|  11|0x0000000080b00000, 0x0000000080c00000, 0x0000000080c00000|100%| O|  |TAMS 0x0000000080c00000, 0x0000000080b00000| Untracked 
|  12|0x0000000080c00000, 0x0000000080d00000, 0x0000000080d00000|100%| O|  |TAMS 0x0000000080d00000, 0x0000000080c00000| Untracked 
|  13|0x0000000080d00000, 0x0000000080e00000, 0x0000000080e00000|100%| O|  |TAMS 0x0000000080e00000, 0x0000000080d00000| Untracked 
|  14|0x0000000080e00000, 0x0000000080f00000, 0x0000000080f00000|100%| O|  |TAMS 0x0000000080f00000, 0x0000000080e00000| Untracked 
|  15|0x0000000080f00000, 0x0000000081000000, 0x0000000081000000|100%|HS|  |TAMS 0x0000000081000000, 0x0000000080f00000| Complete 
|  16|0x0000000081000000, 0x0000000081100000, 0x0000000081100000|100%|HS|  |TAMS 0x0000000081100000, 0x0000000081000000| Complete 
|  17|0x0000000081100000, 0x0000000081200000, 0x0000000081200000|100%|HS|  |TAMS 0x0000000081200000, 0x0000000081100000| Complete 
|  18|0x0000000081200000, 0x0000000081300000, 0x0000000081300000|100%|HC|  |TAMS 0x0000000081300000, 0x0000000081200000| Complete 
|  19|0x0000000081300000, 0x0000000081400000, 0x0000000081400000|100%|HC|  |TAMS 0x0000000081400000, 0x0000000081300000| Complete 
|  20|0x0000000081400000, 0x0000000081500000, 0x0000000081500000|100%|HS|  |TAMS 0x0000000081500000, 0x0000000081400000| Complete 
|  21|0x0000000081500000, 0x0000000081600000, 0x0000000081600000|100%|HC|  |TAMS 0x0000000081600000, 0x0000000081500000| Complete 
|  22|0x0000000081600000, 0x0000000081700000, 0x0000000081700000|100%| O|  |TAMS 0x0000000081700000, 0x0000000081600000| Untracked 
|  23|0x0000000081700000, 0x0000000081800000, 0x0000000081800000|100%| O|  |TAMS 0x0000000081800000, 0x0000000081700000| Untracked 
|  24|0x0000000081800000, 0x0000000081900000, 0x0000000081900000|100%| O|  |TAMS 0x0000000081900000, 0x0000000081800000| Untracked 
|  25|0x0000000081900000, 0x0000000081a00000, 0x0000000081a00000|100%| O|  |TAMS 0x0000000081a00000, 0x0000000081900000| Untracked 
|  26|0x0000000081a00000, 0x0000000081b00000, 0x0000000081b00000|100%| O|  |TAMS 0x0000000081b00000, 0x0000000081a00000| Untracked 
|  27|0x0000000081b00000, 0x0000000081c00000, 0x0000000081c00000|100%| O|  |TAMS 0x0000000081c00000, 0x0000000081b00000| Untracked 
|  28|0x0000000081c00000, 0x0000000081d00000, 0x0000000081d00000|100%| O|  |TAMS 0x0000000081d00000, 0x0000000081c00000| Untracked 
|  29|0x0000000081d00000, 0x0000000081e00000, 0x0000000081e00000|100%| O|  |TAMS 0x0000000081e00000, 0x0000000081d00000| Untracked 
|  30|0x0000000081e00000, 0x0000000081e00000, 0x0000000081f00000|  0%| F|  |TAMS 0x0000000081e00000, 0x0000000081e00000| Untracked 
|  31|0x0000000081f00000, 0x0000000082000000, 0x0000000082000000|100%| O|  |TAMS 0x0000000082000000, 0x0000000081f00000| Untracked 
|  32|0x0000000082000000, 0x0000000082100000, 0x0000000082100000|100%| O|  |TAMS 0x0000000082100000, 0x0000000082000000| Untracked 
|  33|0x0000000082100000, 0x0000000082200000, 0x0000000082200000|100%| O|  |TAMS 0x0000000082200000, 0x0000000082100000| Untracked 
|  34|0x0000000082200000, 0x0000000082300000, 0x0000000082300000|100%| O|  |TAMS 0x0000000082300000, 0x0000000082200000| Untracked 
|  35|0x0000000082300000, 0x0000000082400000, 0x0000000082400000|100%| O|  |TAMS 0x0000000082400000, 0x0000000082300000| Untracked 
|  36|0x0000000082400000, 0x0000000082500000, 0x0000000082500000|100%| O|  |TAMS 0x0000000082500000, 0x0000000082400000| Untracked 
|  37|0x0000000082500000, 0x0000000082600000, 0x0000000082600000|100%| O|  |TAMS 0x0000000082600000, 0x0000000082500000| Untracked 
|  38|0x0000000082600000, 0x0000000082700000, 0x0000000082700000|100%| O|  |TAMS 0x0000000082700000, 0x0000000082600000| Untracked 
|  39|0x0000000082700000, 0x0000000082800000, 0x0000000082800000|100%| O|  |TAMS 0x0000000082800000, 0x0000000082700000| Untracked 
|  40|0x0000000082800000, 0x0000000082900000, 0x0000000082900000|100%| O|  |TAMS 0x0000000082900000, 0x0000000082800000| Untracked 
|  41|0x0000000082900000, 0x0000000082a00000, 0x0000000082a00000|100%| O|  |TAMS 0x0000000082a00000, 0x0000000082900000| Untracked 
|  42|0x0000000082a00000, 0x0000000082b00000, 0x0000000082b00000|100%| O|  |TAMS 0x0000000082b00000, 0x0000000082a00000| Untracked 
|  43|0x0000000082b00000, 0x0000000082c00000, 0x0000000082c00000|100%| O|  |TAMS 0x0000000082c00000, 0x0000000082b00000| Untracked 
|  44|0x0000000082c00000, 0x0000000082ccd000, 0x0000000082d00000| 80%| O|  |TAMS 0x0000000082ccd000, 0x0000000082c00000| Untracked 
|  45|0x0000000082d00000, 0x0000000082d00000, 0x0000000082e00000|  0%| F|  |TAMS 0x0000000082d00000, 0x0000000082d00000| Untracked 
|  46|0x0000000082e00000, 0x0000000082e00000, 0x0000000082f00000|  0%| F|  |TAMS 0x0000000082e00000, 0x0000000082e00000| Untracked 
|  47|0x0000000082f00000, 0x0000000082f00000, 0x0000000083000000|  0%| F|  |TAMS 0x0000000082f00000, 0x0000000082f00000| Untracked 
|  48|0x0000000083000000, 0x0000000083000000, 0x0000000083100000|  0%| F|  |TAMS 0x0000000083000000, 0x0000000083000000| Untracked 
|  49|0x0000000083100000, 0x0000000083100000, 0x0000000083200000|  0%| F|  |TAMS 0x0000000083100000, 0x0000000083100000| Untracked 
|  50|0x0000000083200000, 0x0000000083200000, 0x0000000083300000|  0%| F|  |TAMS 0x0000000083200000, 0x0000000083200000| Untracked 
|  51|0x0000000083300000, 0x0000000083300000, 0x0000000083400000|  0%| F|  |TAMS 0x0000000083300000, 0x0000000083300000| Untracked 
|  52|0x0000000083400000, 0x0000000083400000, 0x0000000083500000|  0%| F|  |TAMS 0x0000000083400000, 0x0000000083400000| Untracked 
|  53|0x0000000083500000, 0x0000000083500000, 0x0000000083600000|  0%| F|  |TAMS 0x0000000083500000, 0x0000000083500000| Untracked 
|  54|0x0000000083600000, 0x0000000083600000, 0x0000000083700000|  0%| F|  |TAMS 0x0000000083600000, 0x0000000083600000| Untracked 
|  55|0x0000000083700000, 0x0000000083700000, 0x0000000083800000|  0%| F|  |TAMS 0x0000000083700000, 0x0000000083700000| Untracked 
|  56|0x0000000083800000, 0x0000000083800000, 0x0000000083900000|  0%| F|  |TAMS 0x0000000083800000, 0x0000000083800000| Untracked 
|  57|0x0000000083900000, 0x0000000083900000, 0x0000000083a00000|  0%| F|  |TAMS 0x0000000083900000, 0x0000000083900000| Untracked 
|  58|0x0000000083a00000, 0x0000000083a00000, 0x0000000083b00000|  0%| F|  |TAMS 0x0000000083a00000, 0x0000000083a00000| Untracked 
|  59|0x0000000083b00000, 0x0000000083b00000, 0x0000000083c00000|  0%| F|  |TAMS 0x0000000083b00000, 0x0000000083b00000| Untracked 
|  60|0x0000000083c00000, 0x0000000083c00000, 0x0000000083d00000|  0%| F|  |TAMS 0x0000000083c00000, 0x0000000083c00000| Untracked 
|  61|0x0000000083d00000, 0x0000000083d00000, 0x0000000083e00000|  0%| F|  |TAMS 0x0000000083d00000, 0x0000000083d00000| Untracked 
|  62|0x0000000083e00000, 0x0000000083e00000, 0x0000000083f00000|  0%| F|  |TAMS 0x0000000083e00000, 0x0000000083e00000| Untracked 
|  63|0x0000000083f00000, 0x0000000083f00000, 0x0000000084000000|  0%| F|  |TAMS 0x0000000083f00000, 0x0000000083f00000| Untracked 
|  64|0x0000000084000000, 0x0000000084000000, 0x0000000084100000|  0%| F|  |TAMS 0x0000000084000000, 0x0000000084000000| Untracked 
|  65|0x0000000084100000, 0x0000000084100000, 0x0000000084200000|  0%| F|  |TAMS 0x0000000084100000, 0x0000000084100000| Untracked 
|  66|0x0000000084200000, 0x0000000084200000, 0x0000000084300000|  0%| F|  |TAMS 0x0000000084200000, 0x0000000084200000| Untracked 
|  67|0x0000000084300000, 0x0000000084300000, 0x0000000084400000|  0%| F|  |TAMS 0x0000000084300000, 0x0000000084300000| Untracked 
|  68|0x0000000084400000, 0x0000000084400000, 0x0000000084500000|  0%| F|  |TAMS 0x0000000084400000, 0x0000000084400000| Untracked 
|  69|0x0000000084500000, 0x0000000084500000, 0x0000000084600000|  0%| F|  |TAMS 0x0000000084500000, 0x0000000084500000| Untracked 
|  70|0x0000000084600000, 0x0000000084600000, 0x0000000084700000|  0%| F|  |TAMS 0x0000000084600000, 0x0000000084600000| Untracked 
|  71|0x0000000084700000, 0x0000000084700000, 0x0000000084800000|  0%| F|  |TAMS 0x0000000084700000, 0x0000000084700000| Untracked 
|  72|0x0000000084800000, 0x0000000084800000, 0x0000000084900000|  0%| F|  |TAMS 0x0000000084800000, 0x0000000084800000| Untracked 
|  73|0x0000000084900000, 0x0000000084900000, 0x0000000084a00000|  0%| F|  |TAMS 0x0000000084900000, 0x0000000084900000| Untracked 
|  74|0x0000000084a00000, 0x0000000084a00000, 0x0000000084b00000|  0%| F|  |TAMS 0x0000000084a00000, 0x0000000084a00000| Untracked 
|  75|0x0000000084b00000, 0x0000000084b00000, 0x0000000084c00000|  0%| F|  |TAMS 0x0000000084b00000, 0x0000000084b00000| Untracked 
|  76|0x0000000084c00000, 0x0000000084c00000, 0x0000000084d00000|  0%| F|  |TAMS 0x0000000084c00000, 0x0000000084c00000| Untracked 
|  77|0x0000000084d00000, 0x0000000084d00000, 0x0000000084e00000|  0%| F|  |TAMS 0x0000000084d00000, 0x0000000084d00000| Untracked 
|  78|0x0000000084e00000, 0x0000000084e00000, 0x0000000084f00000|  0%| F|  |TAMS 0x0000000084e00000, 0x0000000084e00000| Untracked 
|  79|0x0000000084f00000, 0x0000000084f00000, 0x0000000085000000|  0%| F|  |TAMS 0x0000000084f00000, 0x0000000084f00000| Untracked 
|  80|0x0000000085000000, 0x0000000085000000, 0x0000000085100000|  0%| F|  |TAMS 0x0000000085000000, 0x0000000085000000| Untracked 
|  81|0x0000000085100000, 0x0000000085100000, 0x0000000085200000|  0%| F|  |TAMS 0x0000000085100000, 0x0000000085100000| Untracked 
|  82|0x0000000085200000, 0x0000000085200000, 0x0000000085300000|  0%| F|  |TAMS 0x0000000085200000, 0x0000000085200000| Untracked 
|  83|0x0000000085300000, 0x0000000085300000, 0x0000000085400000|  0%| F|  |TAMS 0x0000000085300000, 0x0000000085300000| Untracked 
|  84|0x0000000085400000, 0x0000000085400000, 0x0000000085500000|  0%| F|  |TAMS 0x0000000085400000, 0x0000000085400000| Untracked 
|  85|0x0000000085500000, 0x0000000085500000, 0x0000000085600000|  0%| F|  |TAMS 0x0000000085500000, 0x0000000085500000| Untracked 
|  86|0x0000000085600000, 0x0000000085600000, 0x0000000085700000|  0%| F|  |TAMS 0x0000000085600000, 0x0000000085600000| Untracked 
|  87|0x0000000085700000, 0x0000000085700000, 0x0000000085800000|  0%| F|  |TAMS 0x0000000085700000, 0x0000000085700000| Untracked 
|  88|0x0000000085800000, 0x0000000085800000, 0x0000000085900000|  0%| F|  |TAMS 0x0000000085800000, 0x0000000085800000| Untracked 
|  89|0x0000000085900000, 0x0000000085900000, 0x0000000085a00000|  0%| F|  |TAMS 0x0000000085900000, 0x0000000085900000| Untracked 
|  90|0x0000000085a00000, 0x0000000085a00000, 0x0000000085b00000|  0%| F|  |TAMS 0x0000000085a00000, 0x0000000085a00000| Untracked 
|  91|0x0000000085b00000, 0x0000000085b00000, 0x0000000085c00000|  0%| F|  |TAMS 0x0000000085b00000, 0x0000000085b00000| Untracked 
|  92|0x0000000085c00000, 0x0000000085c00000, 0x0000000085d00000|  0%| F|  |TAMS 0x0000000085c00000, 0x0000000085c00000| Untracked 
|  93|0x0000000085d00000, 0x0000000085d00000, 0x0000000085e00000|  0%| F|  |TAMS 0x0000000085d00000, 0x0000000085d00000| Untracked 
|  94|0x0000000085e00000, 0x0000000085e00000, 0x0000000085f00000|  0%| F|  |TAMS 0x0000000085e00000, 0x0000000085e00000| Untracked 
|  95|0x0000000085f00000, 0x0000000085f00000, 0x0000000086000000|  0%| F|  |TAMS 0x0000000085f00000, 0x0000000085f00000| Untracked 
|  96|0x0000000086000000, 0x0000000086000000, 0x0000000086100000|  0%| F|  |TAMS 0x0000000086000000, 0x0000000086000000| Untracked 
|  97|0x0000000086100000, 0x0000000086100000, 0x0000000086200000|  0%| F|  |TAMS 0x0000000086100000, 0x0000000086100000| Untracked 
|  98|0x0000000086200000, 0x0000000086200000, 0x0000000086300000|  0%| F|  |TAMS 0x0000000086200000, 0x0000000086200000| Untracked 
|  99|0x0000000086300000, 0x0000000086300000, 0x0000000086400000|  0%| F|  |TAMS 0x0000000086300000, 0x0000000086300000| Untracked 
| 100|0x0000000086400000, 0x0000000086500000, 0x0000000086500000|100%| S|CS|TAMS 0x0000000086400000, 0x0000000086400000| Complete 
| 101|0x0000000086500000, 0x0000000086600000, 0x0000000086600000|100%| S|CS|TAMS 0x0000000086500000, 0x0000000086500000| Complete 
| 102|0x0000000086600000, 0x0000000086700000, 0x0000000086700000|100%| S|CS|TAMS 0x0000000086600000, 0x0000000086600000| Complete 
| 103|0x0000000086700000, 0x0000000086800000, 0x0000000086800000|100%| S|CS|TAMS 0x0000000086700000, 0x0000000086700000| Complete 
| 104|0x0000000086800000, 0x0000000086900000, 0x0000000086900000|100%| S|CS|TAMS 0x0000000086800000, 0x0000000086800000| Complete 
| 105|0x0000000086900000, 0x0000000086a00000, 0x0000000086a00000|100%| S|CS|TAMS 0x0000000086900000, 0x0000000086900000| Complete 
| 106|0x0000000086a00000, 0x0000000086b00000, 0x0000000086b00000|100%| S|CS|TAMS 0x0000000086a00000, 0x0000000086a00000| Complete 
| 107|0x0000000086b00000, 0x0000000086c00000, 0x0000000086c00000|100%| S|CS|TAMS 0x0000000086b00000, 0x0000000086b00000| Complete 
| 108|0x0000000086c00000, 0x0000000086d00000, 0x0000000086d00000|100%| S|CS|TAMS 0x0000000086c00000, 0x0000000086c00000| Complete 
| 109|0x0000000086d00000, 0x0000000086d00000, 0x0000000086e00000|  0%| F|  |TAMS 0x0000000086d00000, 0x0000000086d00000| Untracked 
| 110|0x0000000086e00000, 0x0000000086e00000, 0x0000000086f00000|  0%| F|  |TAMS 0x0000000086e00000, 0x0000000086e00000| Untracked 
| 111|0x0000000086f00000, 0x0000000086f00000, 0x0000000087000000|  0%| F|  |TAMS 0x0000000086f00000, 0x0000000086f00000| Untracked 
| 112|0x0000000087000000, 0x0000000087000000, 0x0000000087100000|  0%| F|  |TAMS 0x0000000087000000, 0x0000000087000000| Untracked 
| 113|0x0000000087100000, 0x0000000087100000, 0x0000000087200000|  0%| F|  |TAMS 0x0000000087100000, 0x0000000087100000| Untracked 
| 114|0x0000000087200000, 0x0000000087200000, 0x0000000087300000|  0%| F|  |TAMS 0x0000000087200000, 0x0000000087200000| Untracked 
| 115|0x0000000087300000, 0x0000000087300000, 0x0000000087400000|  0%| F|  |TAMS 0x0000000087300000, 0x0000000087300000| Untracked 
| 116|0x0000000087400000, 0x0000000087400000, 0x0000000087500000|  0%| F|  |TAMS 0x0000000087400000, 0x0000000087400000| Untracked 
| 117|0x0000000087500000, 0x0000000087500000, 0x0000000087600000|  0%| F|  |TAMS 0x0000000087500000, 0x0000000087500000| Untracked 
| 118|0x0000000087600000, 0x0000000087600000, 0x0000000087700000|  0%| F|  |TAMS 0x0000000087600000, 0x0000000087600000| Untracked 
| 119|0x0000000087700000, 0x0000000087700000, 0x0000000087800000|  0%| F|  |TAMS 0x0000000087700000, 0x0000000087700000| Untracked 
| 120|0x0000000087800000, 0x0000000087800000, 0x0000000087900000|  0%| F|  |TAMS 0x0000000087800000, 0x0000000087800000| Untracked 
| 121|0x0000000087900000, 0x0000000087900000, 0x0000000087a00000|  0%| F|  |TAMS 0x0000000087900000, 0x0000000087900000| Untracked 
| 122|0x0000000087a00000, 0x0000000087a00000, 0x0000000087b00000|  0%| F|  |TAMS 0x0000000087a00000, 0x0000000087a00000| Untracked 
| 123|0x0000000087b00000, 0x0000000087b00000, 0x0000000087c00000|  0%| F|  |TAMS 0x0000000087b00000, 0x0000000087b00000| Untracked 
| 124|0x0000000087c00000, 0x0000000087c00000, 0x0000000087d00000|  0%| F|  |TAMS 0x0000000087c00000, 0x0000000087c00000| Untracked 
| 125|0x0000000087d00000, 0x0000000087e00000, 0x0000000087e00000|100%| E|  |TAMS 0x0000000087d00000, 0x0000000087d00000| Complete 
| 126|0x0000000087e00000, 0x0000000087f00000, 0x0000000087f00000|100%| E|CS|TAMS 0x0000000087e00000, 0x0000000087e00000| Complete 
| 127|0x0000000087f00000, 0x0000000088000000, 0x0000000088000000|100%| E|CS|TAMS 0x0000000087f00000, 0x0000000087f00000| Complete 
| 128|0x0000000088000000, 0x0000000088100000, 0x0000000088100000|100%| E|CS|TAMS 0x0000000088000000, 0x0000000088000000| Complete 
| 129|0x0000000088100000, 0x0000000088200000, 0x0000000088200000|100%| E|CS|TAMS 0x0000000088100000, 0x0000000088100000| Complete 
| 130|0x0000000088200000, 0x0000000088300000, 0x0000000088300000|100%| E|CS|TAMS 0x0000000088200000, 0x0000000088200000| Complete 
| 131|0x0000000088300000, 0x0000000088400000, 0x0000000088400000|100%| E|CS|TAMS 0x0000000088300000, 0x0000000088300000| Complete 
| 132|0x0000000088400000, 0x0000000088500000, 0x0000000088500000|100%| E|CS|TAMS 0x0000000088400000, 0x0000000088400000| Complete 
| 133|0x0000000088500000, 0x0000000088600000, 0x0000000088600000|100%| E|CS|TAMS 0x0000000088500000, 0x0000000088500000| Complete 
| 134|0x0000000088600000, 0x0000000088700000, 0x0000000088700000|100%| E|CS|TAMS 0x0000000088600000, 0x0000000088600000| Complete 
| 135|0x0000000088700000, 0x0000000088800000, 0x0000000088800000|100%| E|CS|TAMS 0x0000000088700000, 0x0000000088700000| Complete 
| 136|0x0000000088800000, 0x0000000088900000, 0x0000000088900000|100%| E|CS|TAMS 0x0000000088800000, 0x0000000088800000| Complete 
| 137|0x0000000088900000, 0x0000000088a00000, 0x0000000088a00000|100%| E|CS|TAMS 0x0000000088900000, 0x0000000088900000| Complete 
| 138|0x0000000088a00000, 0x0000000088b00000, 0x0000000088b00000|100%| E|CS|TAMS 0x0000000088a00000, 0x0000000088a00000| Complete 
| 139|0x0000000088b00000, 0x0000000088c00000, 0x0000000088c00000|100%| E|CS|TAMS 0x0000000088b00000, 0x0000000088b00000| Complete 
| 140|0x0000000088c00000, 0x0000000088d00000, 0x0000000088d00000|100%| E|CS|TAMS 0x0000000088c00000, 0x0000000088c00000| Complete 
| 141|0x0000000088d00000, 0x0000000088e00000, 0x0000000088e00000|100%| E|CS|TAMS 0x0000000088d00000, 0x0000000088d00000| Complete 
| 142|0x0000000088e00000, 0x0000000088f00000, 0x0000000088f00000|100%| E|CS|TAMS 0x0000000088e00000, 0x0000000088e00000| Complete 
| 143|0x0000000088f00000, 0x0000000089000000, 0x0000000089000000|100%| E|CS|TAMS 0x0000000088f00000, 0x0000000088f00000| Complete 
| 144|0x0000000089000000, 0x0000000089100000, 0x0000000089100000|100%| E|CS|TAMS 0x0000000089000000, 0x0000000089000000| Complete 
| 145|0x0000000089100000, 0x0000000089200000, 0x0000000089200000|100%| E|CS|TAMS 0x0000000089100000, 0x0000000089100000| Complete 
| 146|0x0000000089200000, 0x0000000089300000, 0x0000000089300000|100%| E|CS|TAMS 0x0000000089200000, 0x0000000089200000| Complete 
| 147|0x0000000089300000, 0x0000000089400000, 0x0000000089400000|100%| E|CS|TAMS 0x0000000089300000, 0x0000000089300000| Complete 
| 148|0x0000000089400000, 0x0000000089500000, 0x0000000089500000|100%| E|CS|TAMS 0x0000000089400000, 0x0000000089400000| Complete 
| 149|0x0000000089500000, 0x0000000089600000, 0x0000000089600000|100%| E|CS|TAMS 0x0000000089500000, 0x0000000089500000| Complete 
| 150|0x0000000089600000, 0x0000000089700000, 0x0000000089700000|100%| E|CS|TAMS 0x0000000089600000, 0x0000000089600000| Complete 
| 151|0x0000000089700000, 0x0000000089800000, 0x0000000089800000|100%| E|CS|TAMS 0x0000000089700000, 0x0000000089700000| Complete 
| 152|0x0000000089800000, 0x0000000089900000, 0x0000000089900000|100%| E|CS|TAMS 0x0000000089800000, 0x0000000089800000| Complete 
| 153|0x0000000089900000, 0x0000000089a00000, 0x0000000089a00000|100%| E|CS|TAMS 0x0000000089900000, 0x0000000089900000| Complete 
| 154|0x0000000089a00000, 0x0000000089b00000, 0x0000000089b00000|100%| E|CS|TAMS 0x0000000089a00000, 0x0000000089a00000| Complete 
| 155|0x0000000089b00000, 0x0000000089c00000, 0x0000000089c00000|100%| E|CS|TAMS 0x0000000089b00000, 0x0000000089b00000| Complete 
| 156|0x0000000089c00000, 0x0000000089d00000, 0x0000000089d00000|100%| E|CS|TAMS 0x0000000089c00000, 0x0000000089c00000| Complete 
| 157|0x0000000089d00000, 0x0000000089e00000, 0x0000000089e00000|100%| E|CS|TAMS 0x0000000089d00000, 0x0000000089d00000| Complete 
| 158|0x0000000089e00000, 0x0000000089f00000, 0x0000000089f00000|100%| E|CS|TAMS 0x0000000089e00000, 0x0000000089e00000| Complete 
| 159|0x0000000089f00000, 0x000000008a000000, 0x000000008a000000|100%| E|CS|TAMS 0x0000000089f00000, 0x0000000089f00000| Complete 
| 160|0x000000008a000000, 0x000000008a100000, 0x000000008a100000|100%| E|CS|TAMS 0x000000008a000000, 0x000000008a000000| Complete 
| 161|0x000000008a100000, 0x000000008a200000, 0x000000008a200000|100%| E|CS|TAMS 0x000000008a100000, 0x000000008a100000| Complete 
| 162|0x000000008a200000, 0x000000008a300000, 0x000000008a300000|100%| E|CS|TAMS 0x000000008a200000, 0x000000008a200000| Complete 
| 163|0x000000008a300000, 0x000000008a400000, 0x000000008a400000|100%| E|CS|TAMS 0x000000008a300000, 0x000000008a300000| Complete 
| 164|0x000000008a400000, 0x000000008a500000, 0x000000008a500000|100%| E|CS|TAMS 0x000000008a400000, 0x000000008a400000| Complete 
| 165|0x000000008a500000, 0x000000008a600000, 0x000000008a600000|100%| E|CS|TAMS 0x000000008a500000, 0x000000008a500000| Complete 
| 166|0x000000008a600000, 0x000000008a700000, 0x000000008a700000|100%| E|CS|TAMS 0x000000008a600000, 0x000000008a600000| Complete 
| 167|0x000000008a700000, 0x000000008a800000, 0x000000008a800000|100%| E|CS|TAMS 0x000000008a700000, 0x000000008a700000| Complete 
| 168|0x000000008a800000, 0x000000008a900000, 0x000000008a900000|100%| E|CS|TAMS 0x000000008a800000, 0x000000008a800000| Complete 
| 169|0x000000008a900000, 0x000000008aa00000, 0x000000008aa00000|100%| E|CS|TAMS 0x000000008a900000, 0x000000008a900000| Complete 
| 170|0x000000008aa00000, 0x000000008ab00000, 0x000000008ab00000|100%| E|CS|TAMS 0x000000008aa00000, 0x000000008aa00000| Complete 
| 171|0x000000008ab00000, 0x000000008ac00000, 0x000000008ac00000|100%| E|CS|TAMS 0x000000008ab00000, 0x000000008ab00000| Complete 
| 172|0x000000008ac00000, 0x000000008ad00000, 0x000000008ad00000|100%| E|CS|TAMS 0x000000008ac00000, 0x000000008ac00000| Complete 
| 173|0x000000008ad00000, 0x000000008ae00000, 0x000000008ae00000|100%| E|CS|TAMS 0x000000008ad00000, 0x000000008ad00000| Complete 
| 174|0x000000008ae00000, 0x000000008af00000, 0x000000008af00000|100%| E|CS|TAMS 0x000000008ae00000, 0x000000008ae00000| Complete 
| 175|0x000000008af00000, 0x000000008b000000, 0x000000008b000000|100%| E|CS|TAMS 0x000000008af00000, 0x000000008af00000| Complete 
| 176|0x000000008b000000, 0x000000008b100000, 0x000000008b100000|100%| E|CS|TAMS 0x000000008b000000, 0x000000008b000000| Complete 
| 177|0x000000008b100000, 0x000000008b200000, 0x000000008b200000|100%| E|CS|TAMS 0x000000008b100000, 0x000000008b100000| Complete 
| 178|0x000000008b200000, 0x000000008b300000, 0x000000008b300000|100%| E|CS|TAMS 0x000000008b200000, 0x000000008b200000| Complete 
| 179|0x000000008b300000, 0x000000008b400000, 0x000000008b400000|100%| E|CS|TAMS 0x000000008b300000, 0x000000008b300000| Complete 
| 180|0x000000008b400000, 0x000000008b500000, 0x000000008b500000|100%| E|CS|TAMS 0x000000008b400000, 0x000000008b400000| Complete 
| 181|0x000000008b500000, 0x000000008b600000, 0x000000008b600000|100%| E|CS|TAMS 0x000000008b500000, 0x000000008b500000| Complete 
| 182|0x000000008b600000, 0x000000008b700000, 0x000000008b700000|100%| E|CS|TAMS 0x000000008b600000, 0x000000008b600000| Complete 
| 183|0x000000008b700000, 0x000000008b800000, 0x000000008b800000|100%| E|CS|TAMS 0x000000008b700000, 0x000000008b700000| Complete 
| 184|0x000000008b800000, 0x000000008b900000, 0x000000008b900000|100%| E|CS|TAMS 0x000000008b800000, 0x000000008b800000| Complete 
| 185|0x000000008b900000, 0x000000008ba00000, 0x000000008ba00000|100%| E|CS|TAMS 0x000000008b900000, 0x000000008b900000| Complete 
| 186|0x000000008ba00000, 0x000000008bb00000, 0x000000008bb00000|100%| E|CS|TAMS 0x000000008ba00000, 0x000000008ba00000| Complete 
| 187|0x000000008bb00000, 0x000000008bc00000, 0x000000008bc00000|100%| E|CS|TAMS 0x000000008bb00000, 0x000000008bb00000| Complete 
| 188|0x000000008bc00000, 0x000000008bd00000, 0x000000008bd00000|100%| E|CS|TAMS 0x000000008bc00000, 0x000000008bc00000| Complete 
| 189|0x000000008bd00000, 0x000000008be00000, 0x000000008be00000|100%| E|CS|TAMS 0x000000008bd00000, 0x000000008bd00000| Complete 

Card table byte_map: [0x0000024fbac10000,0x0000024fbb010000] _byte_map_base: 0x0000024fba810000

Marking Bits (Prev, Next): (CMBitMap*) 0x0000024fa72d9d10, (CMBitMap*) 0x0000024fa72d9cd8
 Prev Bits: [0x0000024fbd410000, 0x0000024fbf410000)
 Next Bits: [0x0000024fbb410000, 0x0000024fbd410000)

Polling page: 0x0000024fa59f0000

Metaspace:

Usage:
  Non-class:     62.43 MB capacity,    61.43 MB ( 98%) used,   861.19 KB (  1%) free+waste,   163.31 KB ( <1%) overhead. 
      Class:      9.74 MB capacity,     9.15 MB ( 94%) used,   523.41 KB (  5%) free+waste,    77.13 KB ( <1%) overhead. 
       Both:     72.17 MB capacity,    70.58 MB ( 98%) used,     1.35 MB (  2%) free+waste,   240.44 KB ( <1%) overhead. 

Virtual space:
  Non-class space:       64.00 MB reserved,      62.50 MB ( 98%) committed 
      Class space:        1.00 GB reserved,       9.75 MB ( <1%) committed 
             Both:        1.06 GB reserved,      72.25 MB (  7%) committed 

Chunk freelists:
   Non-Class:  9.00 KB
       Class:  10.00 KB
        Both:  19.00 KB

MaxMetaspaceSize: 17179869184.00 GB
CompressedClassSpaceSize: 1.00 GB

CodeHeap 'non-profiled nmethods': size=120000Kb used=3812Kb max_used=3812Kb free=116187Kb
 bounds [0x0000024fb2860000, 0x0000024fb2c20000, 0x0000024fb9d90000]
CodeHeap 'profiled nmethods': size=120000Kb used=13621Kb max_used=13621Kb free=106378Kb
 bounds [0x0000024fab330000, 0x0000024fac080000, 0x0000024fb2860000]
CodeHeap 'non-nmethods': size=5760Kb used=2260Kb max_used=2305Kb free=3499Kb
 bounds [0x0000024faad90000, 0x0000024fab000000, 0x0000024fab330000]
 total_blobs=7167 nmethods=6315 adapters=762
 compilation: enabled
              stopped_count=0, restarted_count=0
 full_count=0

Compilation events (20 events):
Event: 9.371 Thread 0x0000024fc26f2000 6272       3       com.sun.xml.bind.v2.model.annotation.RuntimeInlineAnnotationReader::hasClassAnnotation (6 bytes)
Event: 9.371 Thread 0x0000024fc26f2000 nmethod 6272 0x0000024fac04a690 code [0x0000024fac04a8a0, 0x0000024fac04ae88]
Event: 9.409 Thread 0x0000024fc26f2000 6274   !   3       java.util.logging.LogManager::ensureLogManagerInitialized (144 bytes)
Event: 9.410 Thread 0x0000024fc26f2000 nmethod 6274 0x0000024fac04b090 code [0x0000024fac04b340, 0x0000024fac04c018]
Event: 9.411 Thread 0x0000024fc26f2000 6275       3       com.sun.xml.bind.v2.model.impl.RuntimeClassInfoImpl$RuntimePropertySeed::getName (10 bytes)
Event: 9.411 Thread 0x0000024fc26f2000 nmethod 6275 0x0000024fac04c490 code [0x0000024fac04c640, 0x0000024fac04c808]
Event: 9.411 Thread 0x0000024fc26f2000 6277       3       com.sun.xml.bind.v2.model.impl.ElementPropertyInfoImpl::getTypes (469 bytes)
Event: 9.416 Thread 0x0000024fc26f2000 nmethod 6277 0x0000024fac04c910 code [0x0000024fac04d0c0, 0x0000024fac052088]
Event: 9.416 Thread 0x0000024fc26f2000 6276       3       com.sun.xml.bind.v2.model.impl.RuntimeElementPropertyInfoImpl::getTypes (5 bytes)
Event: 9.416 Thread 0x0000024fc26f2000 nmethod 6276 0x0000024fac053910 code [0x0000024fac053ac0, 0x0000024fac053be8]
Event: 9.416 Thread 0x0000024fc26f2000 6278       1       com.sun.xml.bind.v2.model.impl.PropertyInfoImpl::id (5 bytes)
Event: 9.416 Thread 0x0000024fc26f2000 nmethod 6278 0x0000024fb2c02e90 code [0x0000024fb2c03040, 0x0000024fb2c030f8]
Event: 9.416 Thread 0x0000024fc26f2000 6279       3       com.sun.xml.bind.v2.model.impl.PropertyInfoImpl::getName (10 bytes)
Event: 9.416 Thread 0x0000024fc26f2000 nmethod 6279 0x0000024fac053c90 code [0x0000024fac053e40, 0x0000024fac054008]
Event: 9.417 Thread 0x0000024fc26f2000 6280       3       jdk.internal.reflect.ClassFileAssembler::opc_aload_1 (24 bytes)
Event: 9.417 Thread 0x0000024fc26f2000 nmethod 6280 0x0000024fac054110 code [0x0000024fac0542e0, 0x0000024fac054628]
Event: 9.417 Thread 0x0000024fc26f2000 6281       3       java.util.Collections$UnmodifiableCollection::size (10 bytes)
Event: 9.417 Thread 0x0000024fc26f2000 nmethod 6281 0x0000024fac054790 code [0x0000024fac054940, 0x0000024fac054b08]
Event: 9.417 Thread 0x0000024fc26f2000 6282       1       com.sun.xml.bind.v2.model.impl.ClassInfoImpl::getClazz (5 bytes)
Event: 9.417 Thread 0x0000024fc26f2000 nmethod 6282 0x0000024fb2c03190 code [0x0000024fb2c03340, 0x0000024fb2c033f8]

GC Heap History (16 events):
Event: 0.880 GC heap before
{Heap before GC invocations=0 (full 0):
 garbage-first heap   total 194560K, used 29696K [0x0000000080000000, 0x0000000100000000)
  region size 1024K, 24 young (24576K), 0 survivors (0K)
 Metaspace       used 10431K, capacity 10692K, committed 11008K, reserved 1058816K
  class space    used 1101K, capacity 1164K, committed 1280K, reserved 1048576K
}
Event: 0.884 GC heap after
{Heap after GC invocations=1 (full 0):
 garbage-first heap   total 194560K, used 8308K [0x0000000080000000, 0x0000000100000000)
  region size 1024K, 3 young (3072K), 3 survivors (3072K)
 Metaspace       used 10431K, capacity 10692K, committed 11008K, reserved 1058816K
  class space    used 1101K, capacity 1164K, committed 1280K, reserved 1048576K
}
Event: 2.427 GC heap before
{Heap before GC invocations=1 (full 0):
 garbage-first heap   total 194560K, used 88180K [0x0000000080000000, 0x0000000100000000)
  region size 1024K, 81 young (82944K), 3 survivors (3072K)
 Metaspace       used 20554K, capacity 20974K, committed 21248K, reserved 1069056K
  class space    used 2420K, capacity 2541K, committed 2560K, reserved 1048576K
}
Event: 2.435 GC heap after
{Heap after GC invocations=2 (full 0):
 garbage-first heap   total 194560K, used 15976K [0x0000000080000000, 0x0000000100000000)
  region size 1024K, 11 young (11264K), 11 survivors (11264K)
 Metaspace       used 20554K, capacity 20974K, committed 21248K, reserved 1069056K
  class space    used 2420K, capacity 2541K, committed 2560K, reserved 1048576K
}
Event: 2.948 GC heap before
{Heap before GC invocations=3 (full 0):
 garbage-first heap   total 194560K, used 54888K [0x0000000080000000, 0x0000000100000000)
  region size 1024K, 49 young (50176K), 11 survivors (11264K)
 Metaspace       used 25439K, capacity 26036K, committed 26240K, reserved 1073152K
  class space    used 3232K, capacity 3423K, committed 3456K, reserved 1048576K
}
Event: 2.953 GC heap after
{Heap after GC invocations=4 (full 0):
 garbage-first heap   total 194560K, used 17433K [0x0000000080000000, 0x0000000100000000)
  region size 1024K, 3 young (3072K), 3 survivors (3072K)
 Metaspace       used 25439K, capacity 26036K, committed 26240K, reserved 1073152K
  class space    used 3232K, capacity 3423K, committed 3456K, reserved 1048576K
}
Event: 3.704 GC heap before
{Heap before GC invocations=4 (full 0):
 garbage-first heap   total 194560K, used 69657K [0x0000000080000000, 0x0000000100000000)
  region size 1024K, 56 young (57344K), 3 survivors (3072K)
 Metaspace       used 34777K, capacity 35495K, committed 35628K, reserved 1081344K
  class space    used 4443K, capacity 4706K, committed 4736K, reserved 1048576K
}
Event: 3.712 GC heap after
{Heap after GC invocations=5 (full 0):
 garbage-first heap   total 194560K, used 20521K [0x0000000080000000, 0x0000000100000000)
  region size 1024K, 6 young (6144K), 6 survivors (6144K)
 Metaspace       used 34777K, capacity 35495K, committed 35628K, reserved 1081344K
  class space    used 4443K, capacity 4706K, committed 4736K, reserved 1048576K
}
Event: 4.819 GC heap before
{Heap before GC invocations=6 (full 0):
 garbage-first heap   total 194560K, used 116777K [0x0000000080000000, 0x0000000100000000)
  region size 1024K, 98 young (100352K), 6 survivors (6144K)
 Metaspace       used 42955K, capacity 43880K, committed 44032K, reserved 1087488K
  class space    used 5518K, capacity 5852K, committed 5888K, reserved 1048576K
}
Event: 4.828 GC heap after
{Heap after GC invocations=7 (full 0):
 garbage-first heap   total 194560K, used 26268K [0x0000000080000000, 0x0000000100000000)
  region size 1024K, 11 young (11264K), 11 survivors (11264K)
 Metaspace       used 42955K, capacity 43880K, committed 44032K, reserved 1087488K
  class space    used 5518K, capacity 5852K, committed 5888K, reserved 1048576K
}
Event: 6.026 GC heap before
{Heap before GC invocations=7 (full 0):
 garbage-first heap   total 194560K, used 137884K [0x0000000080000000, 0x0000000100000000)
  region size 1024K, 114 young (116736K), 11 survivors (11264K)
 Metaspace       used 53561K, capacity 54798K, committed 54912K, reserved 1097728K
  class space    used 6798K, capacity 7197K, committed 7296K, reserved 1048576K
}
Event: 6.045 GC heap after
{Heap after GC invocations=8 (full 0):
 garbage-first heap   total 194560K, used 45110K [0x0000000080000000, 0x0000000100000000)
  region size 1024K, 15 young (15360K), 15 survivors (15360K)
 Metaspace       used 53561K, capacity 54798K, committed 54912K, reserved 1097728K
  class space    used 6798K, capacity 7197K, committed 7296K, reserved 1048576K
}
Event: 6.735 GC heap before
{Heap before GC invocations=8 (full 0):
 garbage-first heap   total 194560K, used 84022K [0x0000000080000000, 0x0000000100000000)
  region size 1024K, 53 young (54272K), 15 survivors (15360K)
 Metaspace       used 58439K, capacity 59777K, committed 59904K, reserved 1101824K
  class space    used 7379K, capacity 7846K, committed 7936K, reserved 1048576K
}
Event: 6.757 GC heap after
{Heap after GC invocations=9 (full 0):
 garbage-first heap   total 194560K, used 48451K [0x0000000080000000, 0x0000000100000000)
  region size 1024K, 4 young (4096K), 4 survivors (4096K)
 Metaspace       used 58439K, capacity 59777K, committed 59904K, reserved 1101824K
  class space    used 7379K, capacity 7846K, committed 7936K, reserved 1048576K
}
Event: 8.247 GC heap before
{Heap before GC invocations=10 (full 0):
 garbage-first heap   total 194560K, used 127299K [0x0000000080000000, 0x0000000100000000)
  region size 1024K, 81 young (82944K), 4 survivors (4096K)
 Metaspace       used 65467K, capacity 67006K, committed 67328K, reserved 1107968K
  class space    used 8376K, capacity 8892K, committed 8960K, reserved 1048576K
}
Event: 8.254 GC heap after
{Heap after GC invocations=11 (full 0):
 garbage-first heap   total 194560K, used 54068K [0x0000000080000000, 0x0000000100000000)
  region size 1024K, 9 young (9216K), 9 survivors (9216K)
 Metaspace       used 65467K, capacity 67006K, committed 67328K, reserved 1107968K
  class space    used 8376K, capacity 8892K, committed 8960K, reserved 1048576K
}

Deoptimization events (20 events):
Event: 8.794 Thread 0x0000024fc3c3b000 Uncommon trap: trap_request=0xffffffbe fr.pc=0x0000024fb2bd5db8 relative=0x0000000000000a98
Event: 8.794 Thread 0x0000024fc3c3b000 Uncommon trap: reason=profile_predicate action=maybe_recompile pc=0x0000024fb2bd5db8 method=com.google.common.collect.ImmutableSet.construct(I[Ljava/lang/Object;)Lcom/google/common/collect/ImmutableSet; @ 68 c2
Event: 8.794 Thread 0x0000024fc3c3b000 DEOPT PACKING pc=0x0000024fb2bd5db8 sp=0x000000b7a4bf8ae0
Event: 8.794 Thread 0x0000024fc3c3b000 DEOPT UNPACKING pc=0x0000024faadb78af sp=0x000000b7a4bf8a80 mode 2
Event: 8.823 Thread 0x0000024fc3c3b000 Uncommon trap: trap_request=0xffffff4d fr.pc=0x0000024fb2a3361c relative=0x00000000000000fc
Event: 8.824 Thread 0x0000024fc3c3b000 Uncommon trap: reason=unstable_if action=reinterpret pc=0x0000024fb2a3361c method=java.io.WinNTFileSystem.normalize(Ljava/lang/String;)Ljava/lang/String; @ 74 c2
Event: 8.824 Thread 0x0000024fc3c3b000 DEOPT PACKING pc=0x0000024fb2a3361c sp=0x000000b7a4bf8be0
Event: 8.824 Thread 0x0000024fc3c3b000 DEOPT UNPACKING pc=0x0000024faadb78af sp=0x000000b7a4bf8bb8 mode 2
Event: 8.824 Thread 0x0000024fc3c3b000 Uncommon trap: trap_request=0xffffff4d fr.pc=0x0000024fb2a431b4 relative=0x0000000000001914
Event: 8.824 Thread 0x0000024fc3c3b000 Uncommon trap: reason=unstable_if action=reinterpret pc=0x0000024fb2a431b4 method=java.io.WinNTFileSystem.normalize(Ljava/lang/String;II)Ljava/lang/String; @ 100 c2
Event: 8.824 Thread 0x0000024fc3c3b000 DEOPT PACKING pc=0x0000024fb2a431b4 sp=0x000000b7a4bf8b10
Event: 8.824 Thread 0x0000024fc3c3b000 DEOPT UNPACKING pc=0x0000024faadb78af sp=0x000000b7a4bf8b18 mode 2
Event: 8.857 Thread 0x0000024fc3c3b000 Uncommon trap: trap_request=0xffffffbe fr.pc=0x0000024fb2bd5db8 relative=0x0000000000000a98
Event: 8.857 Thread 0x0000024fc3c3b000 Uncommon trap: reason=profile_predicate action=maybe_recompile pc=0x0000024fb2bd5db8 method=com.google.common.collect.ImmutableSet.construct(I[Ljava/lang/Object;)Lcom/google/common/collect/ImmutableSet; @ 68 c2
Event: 8.857 Thread 0x0000024fc3c3b000 DEOPT PACKING pc=0x0000024fb2bd5db8 sp=0x000000b7a4bfa4c0
Event: 8.857 Thread 0x0000024fc3c3b000 DEOPT UNPACKING pc=0x0000024faadb78af sp=0x000000b7a4bfa460 mode 2
Event: 9.007 Thread 0x0000024fc3c3b000 Uncommon trap: trap_request=0xffffff4d fr.pc=0x0000024fb2b6f12c relative=0x0000000000000c2c
Event: 9.008 Thread 0x0000024fc3c3b000 Uncommon trap: reason=unstable_if action=reinterpret pc=0x0000024fb2b6f12c method=java.util.Properties$LineReader.readLine()I @ 25 c2
Event: 9.008 Thread 0x0000024fc3c3b000 DEOPT PACKING pc=0x0000024fb2b6f12c sp=0x000000b7a4bfa760
Event: 9.008 Thread 0x0000024fc3c3b000 DEOPT UNPACKING pc=0x0000024faadb78af sp=0x000000b7a4bfa700 mode 2

Classes redefined (0 events):
No events

Internal exceptions (20 events):
Event: 8.424 Thread 0x0000024fc3c3b000 Exception <a 'java/lang/ClassNotFoundException'{0x000000008b201ce0}: com/android/build/gradle/internal/api/ApkVariantOutputImpl_DecoratedBeanInfo> (0x000000008b201ce0) thrown at [./src/hotspot/share/classfile/systemDictionary.cpp, line 231]
Event: 8.424 Thread 0x0000024fc3c3b000 Exception <a 'java/lang/ClassNotFoundException'{0x000000008b2154d0}: com/android/build/gradle/internal/api/ApkVariantOutputImplBeanInfo> (0x000000008b2154d0) thrown at [./src/hotspot/share/classfile/systemDictionary.cpp, line 231]
Event: 8.424 Thread 0x0000024fc3c3b000 Exception <a 'java/lang/ClassNotFoundException'{0x000000008b229340}: com/android/build/gradle/internal/api/BaseVariantOutputImplBeanInfo> (0x000000008b229340) thrown at [./src/hotspot/share/classfile/systemDictionary.cpp, line 231]
Event: 8.424 Thread 0x0000024fc3c3b000 Exception <a 'java/lang/ClassNotFoundException'{0x000000008b23d198}: com/android/build/gradle/internal/api/BaseVariantOutputImplCustomizer> (0x000000008b23d198) thrown at [./src/hotspot/share/classfile/systemDictionary.cpp, line 231]
Event: 8.425 Thread 0x0000024fc3c3b000 Exception <a 'java/lang/ClassNotFoundException'{0x000000008b263708}: com/android/build/gradle/internal/api/ApkVariantOutputImplCustomizer> (0x000000008b263708) thrown at [./src/hotspot/share/classfile/systemDictionary.cpp, line 231]
Event: 8.426 Thread 0x0000024fc3c3b000 Exception <a 'java/lang/ClassNotFoundException'{0x000000008b285ce8}: com/android/build/gradle/internal/api/ApkVariantOutputImpl_DecoratedCustomizer> (0x000000008b285ce8) thrown at [./src/hotspot/share/classfile/systemDictionary.cpp, line 231]
Event: 8.473 Thread 0x0000024fc3c3b000 Exception <a 'java/lang/ClassNotFoundException'{0x000000008b1e1ee0}: com/android/build/gradle/internal/api/ReadOnlyBuildTypeBeanInfo> (0x000000008b1e1ee0) thrown at [./src/hotspot/share/classfile/systemDictionary.cpp, line 231]
Event: 8.475 Thread 0x0000024fc3c3b000 Exception <a 'java/lang/ClassNotFoundException'{0x000000008b1f6270}: com/android/build/gradle/internal/api/ReadOnlyBaseConfigBeanInfo> (0x000000008b1f6270) thrown at [./src/hotspot/share/classfile/systemDictionary.cpp, line 231]
Event: 8.475 Thread 0x0000024fc3c3b000 Exception <a 'java/lang/ClassNotFoundException'{0x000000008b00ac78}: com/android/build/gradle/internal/api/ReadOnlyBaseConfigCustomizer> (0x000000008b00ac78) thrown at [./src/hotspot/share/classfile/systemDictionary.cpp, line 231]
Event: 8.476 Thread 0x0000024fc3c3b000 Exception <a 'java/lang/ClassNotFoundException'{0x000000008b02e520}: com/android/build/gradle/internal/api/ReadOnlyBuildTypeCustomizer> (0x000000008b02e520) thrown at [./src/hotspot/share/classfile/systemDictionary.cpp, line 231]
Event: 8.533 Thread 0x0000024fc3c3b000 Exception <a 'java/lang/ClassNotFoundException'{0x000000008acc26e8}: org/gradle/api/internal/file/collections/DefaultConfigurableFileTreeBeanInfo> (0x000000008acc26e8) thrown at [./src/hotspot/share/classfile/systemDictionary.cpp, line 231]
Event: 8.534 Thread 0x0000024fc3c3b000 Exception <a 'java/lang/ClassNotFoundException'{0x000000008acd36a8}: org/gradle/api/internal/file/CompositeFileTreeBeanInfo> (0x000000008acd36a8) thrown at [./src/hotspot/share/classfile/systemDictionary.cpp, line 231]
Event: 8.534 Thread 0x0000024fc3c3b000 Exception <a 'java/lang/ClassNotFoundException'{0x000000008ace5260}: org/gradle/api/internal/file/CompositeFileCollectionBeanInfo> (0x000000008ace5260) thrown at [./src/hotspot/share/classfile/systemDictionary.cpp, line 231]
Event: 8.534 Thread 0x0000024fc3c3b000 Exception <a 'java/lang/ClassNotFoundException'{0x000000008acf6e18}: org/gradle/api/internal/file/AbstractFileCollectionBeanInfo> (0x000000008acf6e18) thrown at [./src/hotspot/share/classfile/systemDictionary.cpp, line 231]
Event: 8.534 Thread 0x0000024fc3c3b000 Exception <a 'java/lang/ClassNotFoundException'{0x000000008ab08e70}: org/gradle/api/internal/file/AbstractFileCollectionCustomizer> (0x000000008ab08e70) thrown at [./src/hotspot/share/classfile/systemDictionary.cpp, line 231]
Event: 8.535 Thread 0x0000024fc3c3b000 Exception <a 'java/lang/ClassNotFoundException'{0x000000008ab27c68}: org/gradle/api/internal/file/CompositeFileCollectionCustomizer> (0x000000008ab27c68) thrown at [./src/hotspot/share/classfile/systemDictionary.cpp, line 231]
Event: 8.535 Thread 0x0000024fc3c3b000 Exception <a 'java/lang/ClassNotFoundException'{0x000000008ab41c70}: org/gradle/api/internal/file/CompositeFileTreeCustomizer> (0x000000008ab41c70) thrown at [./src/hotspot/share/classfile/systemDictionary.cpp, line 231]
Event: 8.536 Thread 0x0000024fc3c3b000 Exception <a 'java/lang/ClassNotFoundException'{0x000000008ab5e408}: org/gradle/api/internal/file/collections/DefaultConfigurableFileTreeCustomizer> (0x000000008ab5e408) thrown at [./src/hotspot/share/classfile/systemDictionary.cpp, line 231]
Event: 9.022 Thread 0x0000024fc3c3b000 Exception <a 'sun/nio/fs/WindowsException'{0x00000000899a1c88}> (0x00000000899a1c88) thrown at [./src/hotspot/share/prims/jni.cpp, line 615]
Event: 9.200 Thread 0x0000024fc3c3b000 Exception <a 'java/lang/NullPointerException'{0x000000008912b808}> (0x000000008912b808) thrown at [./src/hotspot/share/interpreter/linkResolver.cpp, line 1440]

Events (20 events):
Event: 9.408 loading class java/lang/ExceptionInInitializerError
Event: 9.408 loading class java/lang/ExceptionInInitializerError done
Event: 9.409 loading class com/sun/xml/bind/v2/runtime/property/ValueProperty
Event: 9.409 loading class com/sun/xml/bind/v2/runtime/property/ValueProperty done
Event: 9.410 loading class com/sun/xml/bind/v2/runtime/unmarshaller/ValuePropertyLoader
Event: 9.410 loading class com/sun/xml/bind/v2/runtime/unmarshaller/ValuePropertyLoader done
Event: 9.413 loading class com/sun/istack/SAXException2
Event: 9.413 loading class com/sun/istack/SAXException2 done
Event: 9.414 loading class com/sun/xml/bind/v2/runtime/unmarshaller/LocatorEx
Event: 9.414 loading class com/sun/xml/bind/v2/runtime/unmarshaller/LocatorEx done
Event: 9.414 loading class com/sun/xml/bind/v2/runtime/unmarshaller/Patcher
Event: 9.414 loading class com/sun/xml/bind/v2/runtime/unmarshaller/Patcher done
Event: 9.417 loading class com/sun/xml/bind/v2/runtime/ElementBeanInfoImpl$IntercepterLoader
Event: 9.417 loading class com/sun/xml/bind/v2/runtime/ElementBeanInfoImpl$IntercepterLoader done
Event: 9.418 loading class com/sun/xml/bind/v2/runtime/unmarshaller/Intercepter
Event: 9.418 loading class com/sun/xml/bind/v2/runtime/unmarshaller/Intercepter done
Event: 9.418 loading class com/sun/xml/bind/v2/runtime/Utils
Event: 9.418 loading class com/sun/xml/bind/v2/runtime/Utils done
Event: 9.419 loading class com/sun/xml/bind/v2/runtime/Utils$1
Event: 9.419 loading class com/sun/xml/bind/v2/runtime/Utils$1 done


Dynamic libraries:
0x00007ff654f80000 - 0x00007ff654f8a000 	C:\Program Files\Android\Android Studio\jre\bin\java.exe
0x00007ffa79ed0000 - 0x00007ffa7a0c5000 	C:\Windows\SYSTEM32\ntdll.dll
0x00007ffa78060000 - 0x00007ffa7811e000 	C:\Windows\System32\KERNEL32.DLL
0x00007ffa775f0000 - 0x00007ffa778b8000 	C:\Windows\System32\KERNELBASE.dll
0x00007ffa77ac0000 - 0x00007ffa77bc0000 	C:\Windows\System32\ucrtbase.dll
0x00007ffa73010000 - 0x00007ffa73029000 	C:\Program Files\Android\Android Studio\jre\bin\jli.dll
0x00007ffa72ea0000 - 0x00007ffa72eb7000 	C:\Program Files\Android\Android Studio\jre\bin\VCRUNTIME140.dll
0x00007ffa78e40000 - 0x00007ffa78fe0000 	C:\Windows\System32\USER32.dll
0x00007ffa77e20000 - 0x00007ffa77e42000 	C:\Windows\System32\win32u.dll
0x00007ffa78d40000 - 0x00007ffa78d6b000 	C:\Windows\System32\GDI32.dll
0x00007ffa6d930000 - 0x00007ffa6dbca000 	C:\Windows\WinSxS\amd64_microsoft.windows.common-controls_6595b64144ccf1df_6.0.19041.1110_none_60b5254171f9507e\COMCTL32.dll
0x00007ffa77bc0000 - 0x00007ffa77ccb000 	C:\Windows\System32\gdi32full.dll
0x00007ffa79990000 - 0x00007ffa79a2e000 	C:\Windows\System32\msvcrt.dll
0x00007ffa77cd0000 - 0x00007ffa77d6d000 	C:\Windows\System32\msvcp_win.dll
0x00007ffa79100000 - 0x00007ffa79130000 	C:\Windows\System32\IMM32.DLL
0x00007ffa67c30000 - 0x00007ffa67ccd000 	C:\Program Files\Android\Android Studio\jre\bin\msvcp140.dll
0x00007ffa18ce0000 - 0x00007ffa197af000 	C:\Program Files\Android\Android Studio\jre\bin\server\jvm.dll
0x00007ffa797b0000 - 0x00007ffa7985e000 	C:\Windows\System32\ADVAPI32.dll
0x00007ffa79130000 - 0x00007ffa791cc000 	C:\Windows\System32\sechost.dll
0x00007ffa79620000 - 0x00007ffa79745000 	C:\Windows\System32\RPCRT4.dll
0x00007ffa79610000 - 0x00007ffa79618000 	C:\Windows\System32\PSAPI.DLL
0x00007ffa5eef0000 - 0x00007ffa5eef9000 	C:\Windows\SYSTEM32\WSOCK32.dll
0x00007ffa645f0000 - 0x00007ffa64617000 	C:\Windows\SYSTEM32\WINMM.dll
0x00007ffa79090000 - 0x00007ffa790fb000 	C:\Windows\System32\WS2_32.dll
0x00007ffa70100000 - 0x00007ffa7010a000 	C:\Windows\SYSTEM32\VERSION.dll
0x00007ffa75e90000 - 0x00007ffa75ea2000 	C:\Windows\SYSTEM32\kernel.appcore.dll
0x00007ffa72e40000 - 0x00007ffa72e51000 	C:\Program Files\Android\Android Studio\jre\bin\verify.dll
0x00007ffa754d0000 - 0x00007ffa756b4000 	C:\Windows\SYSTEM32\DBGHELP.DLL
0x00007ffa60580000 - 0x00007ffa605ac000 	C:\Windows\SYSTEM32\dbgcore.DLL
0x00007ffa77ea0000 - 0x00007ffa77f22000 	C:\Windows\System32\bcryptPrimitives.dll
0x00007ffa6d070000 - 0x00007ffa6d099000 	C:\Program Files\Android\Android Studio\jre\bin\java.dll
0x00007ffa72e30000 - 0x00007ffa72e3b000 	C:\Program Files\Android\Android Studio\jre\bin\jimage.dll
0x00007ffa718a0000 - 0x00007ffa718b8000 	C:\Program Files\Android\Android Studio\jre\bin\zip.dll
0x00007ffa78590000 - 0x00007ffa78cd4000 	C:\Windows\System32\SHELL32.dll
0x00007ffa756e0000 - 0x00007ffa75e74000 	C:\Windows\SYSTEM32\windows.storage.dll
0x00007ffa791d0000 - 0x00007ffa79524000 	C:\Windows\System32\combase.dll
0x00007ffa77050000 - 0x00007ffa7707c000 	C:\Windows\SYSTEM32\Wldp.dll
0x00007ffa78fe0000 - 0x00007ffa7908d000 	C:\Windows\System32\SHCORE.dll
0x00007ffa78ce0000 - 0x00007ffa78d35000 	C:\Windows\System32\shlwapi.dll
0x00007ffa77530000 - 0x00007ffa7754f000 	C:\Windows\SYSTEM32\profapi.dll
0x00007ffa6e7f0000 - 0x00007ffa6e80a000 	C:\Program Files\Android\Android Studio\jre\bin\net.dll
0x00007ffa65840000 - 0x00007ffa65949000 	C:\Windows\SYSTEM32\WINHTTP.dll
0x00007ffa76db0000 - 0x00007ffa76e1a000 	C:\Windows\system32\mswsock.dll
0x00007ffa6d050000 - 0x00007ffa6d064000 	C:\Program Files\Android\Android Studio\jre\bin\nio.dll
0x00007ffa6e770000 - 0x00007ffa6e797000 	C:\Users\docbr\.gradle\native\f6784746aeab05261644944871eae4fe03e0ef1612fff0a4a95f87b438bc6780\windows-amd64\native-platform.dll
0x00007ffa72e20000 - 0x00007ffa72e2a000 	C:\Program Files\Android\Android Studio\jre\bin\management.dll
0x00007ffa6e700000 - 0x00007ffa6e70c000 	C:\Program Files\Android\Android Studio\jre\bin\management_ext.dll
0x00007ffa76fb0000 - 0x00007ffa76fc8000 	C:\Windows\SYSTEM32\CRYPTSP.dll
0x00007ffa76660000 - 0x00007ffa76694000 	C:\Windows\system32\rsaenh.dll
0x00007ffa77a20000 - 0x00007ffa77a47000 	C:\Windows\System32\bcrypt.dll
0x00007ffa774b0000 - 0x00007ffa774de000 	C:\Windows\SYSTEM32\USERENV.dll
0x00007ffa76fa0000 - 0x00007ffa76fac000 	C:\Windows\SYSTEM32\CRYPTBASE.dll
0x00007ffa76a50000 - 0x00007ffa76a8b000 	C:\Windows\SYSTEM32\IPHLPAPI.DLL
0x00007ffa78050000 - 0x00007ffa78058000 	C:\Windows\System32\NSI.dll
0x00007ffa6ef00000 - 0x00007ffa6ef17000 	C:\Windows\SYSTEM32\dhcpcsvc6.DLL
0x00007ffa6e4a0000 - 0x00007ffa6e4bd000 	C:\Windows\SYSTEM32\dhcpcsvc.DLL
0x00007ffa76aa0000 - 0x00007ffa76b6a000 	C:\Windows\SYSTEM32\DNSAPI.dll
0x00007ffa6f3d0000 - 0x00007ffa6f3db000 	C:\Windows\SYSTEM32\WINNSI.DLL

dbghelp: loaded successfully - version: 4.0.5 - missing functions: none
symbol engine: initialized successfully - sym options: 0x614 - pdb path: .;C:\Program Files\Android\Android Studio\jre\bin;C:\Windows\SYSTEM32;C:\Windows\WinSxS\amd64_microsoft.windows.common-controls_6595b64144ccf1df_6.0.19041.1110_none_60b5254171f9507e;C:\Program Files\Android\Android Studio\jre\bin\server;C:\Users\docbr\.gradle\native\f6784746aeab05261644944871eae4fe03e0ef1612fff0a4a95f87b438bc6780\windows-amd64

VM Arguments:
jvm_args: --add-opens=java.base/java.util=ALL-UNNAMED --add-opens=java.base/java.lang=ALL-UNNAMED --add-opens=java.base/java.lang.invoke=ALL-UNNAMED --add-opens=java.prefs/java.util.prefs=ALL-UNNAMED -Xmx2048m -Dfile.encoding=UTF-8 -Duser.country=US -Duser.language=en -Duser.variant 
java_command: org.gradle.launcher.daemon.bootstrap.GradleDaemon 6.5
java_class_path (initial): C:\Users\docbr\.gradle\wrapper\dists\gradle-6.5-all\2oz4ud9k3tuxjg84bbf55q0tn\gradle-6.5\lib\gradle-launcher-6.5.jar
Launcher Type: SUN_STANDARD

[Global flags]
     intx CICompilerCount                          = 4                                         {product} {ergonomic}
     uint ConcGCThreads                            = 2                                         {product} {ergonomic}
     uint G1ConcRefinementThreads                  = 8                                         {product} {ergonomic}
   size_t G1HeapRegionSize                         = 1048576                                   {product} {ergonomic}
    uintx GCDrainStackTargetSize                   = 64                                        {product} {ergonomic}
   size_t InitialHeapSize                          = 199229440                                 {product} {ergonomic}
   size_t MarkStackSize                            = 4194304                                   {product} {ergonomic}
   size_t MaxHeapSize                              = 2147483648                                {product} {command line}
   size_t MaxNewSize                               = 1287651328                                {product} {ergonomic}
   size_t MinHeapDeltaBytes                        = 1048576                                   {product} {ergonomic}
    uintx NonNMethodCodeHeapSize                   = 5836300                                {pd product} {ergonomic}
    uintx NonProfiledCodeHeapSize                  = 122910970                              {pd product} {ergonomic}
    uintx ProfiledCodeHeapSize                     = 122910970                              {pd product} {ergonomic}
    uintx ReservedCodeCacheSize                    = 251658240                              {pd product} {ergonomic}
     bool SegmentedCodeCache                       = true                                      {product} {ergonomic}
     bool UseCompressedClassPointers               = true                                 {lp64_product} {ergonomic}
     bool UseCompressedOops                        = true                                 {lp64_product} {ergonomic}
     bool UseG1GC                                  = true                                      {product} {ergonomic}
     bool UseLargePagesIndividualAllocation        = false                                  {pd product} {ergonomic}

Logging:
Log output configuration:
 #0: stdout all=warning uptime,level,tags
 #1: stderr all=off uptime,level,tags

Environment Variables:
PATH=C:\windows\system32;C:\windows;C:\windows\System32\Wbem;C:\windows\System32\WindowsPowerShell\v1.0\;C:\Program Files (x86)\NVIDIA Corporation\PhysX\Common;c:\Program Files\Intel\WiFi\bin\;c:\Program Files\Common Files\Intel\WirelessCommon\;C:\Windows\system32;C:\Windows;C:\Windows\System32\Wbem;C:\Windows\System32\WindowsPowerShell\v1.0\;C:\Windows\System32\OpenSSH\;C:\Program Files\Git\cmd;C:\Program Files\MySQL\MySQL Shell 8.0\bin\;C:\Users\docbr\AppData\Local\Microsoft\WindowsApps;C:\Users\docbr\AppData\Local\atom\bin
USERNAME=docbr
OS=Windows_NT
PROCESSOR_IDENTIFIER=Intel64 Family 6 Model 94 Stepping 3, GenuineIntel



---------------  S Y S T E M  ---------------

OS: Windows 10 , 64 bit Build 19041 (10.0.19041.1566)
OS uptime: 3 days 22:12 hours

CPU:total 8 (initial active 8) (4 cores per cpu, 2 threads per core) family 6 model 94 stepping 3 microcode 0xcc, cmov, cx8, fxsr, mmx, sse, sse2, sse3, ssse3, sse4.1, sse4.2, popcnt, avx, avx2, aes, clmul, erms, rtm, 3dnowpref, lzcnt, ht, tsc, tscinvbit, bmi1, bmi2, adx, fma

Memory: 4k page, system-wide physical 12147M (1236M free)
TotalPageFile size 16243M (AvailPageFile size 842M)
current process WorkingSet (physical memory assigned to process): 401M, peak: 402M
current process commit charge ("private bytes"): 459M, peak: 461M

vm_info: OpenJDK 64-Bit Server VM (11.0.10+0-b96-7249189) for windows-amd64 JRE (11.0.10+0-b96-7249189), built on Mar 31 2021 21:44:00 by "builder" with MS VC++ 14.0 (VS2015)

END.
